#
# A fatal error has been detected by the Java Runtime Environment:
#
#  EXCEPTION_ACCESS_VIOLATION (0xc0000005) at pc=0x00007ffcd40990f9, pid=13204, tid=12716
#
# JRE version: Java(TM) SE Runtime Environment (14.0.1+7) (build 14.0.1+7)
# Java VM: Java HotSpot(TM) 64-Bit Server VM (14.0.1+7, mixed mode, sharing, tiered, compressed oops, g1 gc, windows-amd64)
# Problematic frame:
# C  [nvoglv64.dll+0xa490f9]
#
# No core dump will be written. Minidumps are not enabled by default on client versions of Windows
#
# If you would like to submit a bug report, please visit:
#   https://bugreport.java.com/bugreport/crash.jsp
# The crash happened outside the Java Virtual Machine in native code.
# See problematic frame for where to report the bug.
#

---------------  S U M M A R Y ------------

Command Line: -javaagent:C:\Users\DasNasu\java-2020-03\eclipse\configuration\org.eclipse.osgi\452\0\.cp\jacocoagent.jar=includes=*,excludes=,exclclassloader=sun.reflect.DelegatingClassLoader,output=tcpclient,port=56844 -Dfile.encoding=UTF-8 dev.bitbite.illustratio.Illustratio

Host: Intel(R) Core(TM) i5-4570 CPU @ 3.20GHz, 4 cores, 15G,  Windows 10 , 64 bit Build 17134 (10.0.17134.753)
Time: Thu Jul  2 22:26:58 2020 Mitteleuropäische Sommerzeit elapsed time: 4 seconds (0d 0h 0m 4s)

---------------  T H R E A D  ---------------

Current thread (0x000001bf78612000):  JavaThread "main" [_thread_in_native, id=12716, stack(0x000000bb9a300000,0x000000bb9a400000)]

Stack: [0x000000bb9a300000,0x000000bb9a400000],  sp=0x000000bb9a3ff0b0,  free space=1020k
Native frames: (J=compiled Java code, j=interpreted, Vv=VM code, C=native code)
C  [nvoglv64.dll+0xa490f9]

Java frames: (J=compiled Java code, j=interpreted, Vv=VM code)
j  org.lwjgl.opengl.GL11C.nglDrawElements(IIIJ)V+0
j  org.lwjgl.opengl.GL11C.glDrawElements(IIIJ)V+9
j  org.lwjgl.opengl.GL11.glDrawElements(IIIJ)V+9
j  dev.bitbite.illustratio.Renderer.render(Ldev/bitbite/illustratio/ObjectMesh;)V+67
j  dev.bitbite.illustratio.Illustratio.run()V+277
j  dev.bitbite.illustratio.Illustratio.<init>(ILjava/lang/String;II)V+95
j  dev.bitbite.illustratio.Illustratio.main([Ljava/lang/String;)V+18
v  ~StubRoutines::call_stub

siginfo: EXCEPTION_ACCESS_VIOLATION (0xc0000005), reading address 0x0000000000000000


Register to memory mapping:

RIP=0x00007ffcd40990f9 nvoglv64.dll
RAX=0x00000005a0d3b976 is an unknown value
RBX=0x0 is NULL
RCX=0x000000000000000a is an unknown value
RDX=0x000046385ed585d8 is an unknown value
RSP=0x000000bb9a3ff0b0 is pointing into the stack for thread: 0x000001bf78612000
RBP=0x000000bb9a3ff278 is pointing into the stack for thread: 0x000001bf78612000
RSI=0x0000000000000006 is an unknown value
RDI=0x0000000000000001 is an unknown value
R8 =0x0000000000001255 is an unknown value
R9 =0x0 is NULL
R10=0x0000000000000003 is an unknown value
R11=0x0000000710e78b30 is an oop: java.lang.Class 
{0x0000000710e78b30} - klass: 'java/lang/Class'
R12=0x0000000000001405 is an unknown value
R13=0x000001bf21853e88 points into unknown readable memory: 04 00 00 00 00 00 00 00
R14=0x0 is NULL
R15=0x000001bf21853080 points into unknown readable memory: 00 00 00 00 00 00 00 00


Registers:
RAX=0x00000005a0d3b976, RBX=0x0000000000000000, RCX=0x000000000000000a, RDX=0x000046385ed585d8
RSP=0x000000bb9a3ff0b0, RBP=0x000000bb9a3ff278, RSI=0x0000000000000006, RDI=0x0000000000000001
R8 =0x0000000000001255, R9 =0x0000000000000000, R10=0x0000000000000003, R11=0x0000000710e78b30
R12=0x0000000000001405, R13=0x000001bf21853e88, R14=0x0000000000000000, R15=0x000001bf21853080
RIP=0x00007ffcd40990f9, EFLAGS=0x0000000000010246

Top of Stack: (sp=0x000000bb9a3ff0b0)
0x000000bb9a3ff0b0:   0000000000000000 0000000000000000
0x000000bb9a3ff0c0:   000001bf78612400 0000000000000000
0x000000bb9a3ff0d0:   00007ffcd65dcf58 000001bf1d21b680
0x000000bb9a3ff0e0:   0000000578612000 000000bb9a3ff3c8
0x000000bb9a3ff0f0:   000001bf28f4c8a0 000001bf78612000
0x000000bb9a3ff100:   0000000200000005 000001bf78612000
0x000000bb9a3ff110:   0000000000000000 0000000000001405
0x000000bb9a3ff120:   0000000000000004 000001bf21853080
0x000000bb9a3ff130:   0000000000000006 000000bb9a3ff278
0x000000bb9a3ff140:   0000000000000000 00007ffcd3d14176
0x000000bb9a3ff150:   000001bf78612000 000000bb00000004
0x000000bb9a3ff160:   000000bb00000000 00007ffc00000000
0x000000bb9a3ff170:   000000bb00000006 000001bf00000018
0x000000bb9a3ff180:   0000000000000000 000001bf00000000
0x000000bb9a3ff190:   000001bf28f4c800 000001bf78612000
0x000000bb9a3ff1a0:   000001bf086da1b3 000001bf086df260 

Instructions: (pc=0x00007ffcd40990f9)
0x00007ffcd4098ff9:   18 89 54 24 10 53 55 56 57 41 54 41 55 41 56 41
0x00007ffcd4099009:   57 48 83 ec 58 4c 8b a9 38 03 00 00 4c 8b f9 44
0x00007ffcd4099019:   8b a4 24 c8 00 00 00 41 8b cc 8b b4 24 c0 00 00
0x00007ffcd4099029:   00 8b d6 48 8b 9c 24 d0 00 00 00 45 8b 55 14 41
0x00007ffcd4099039:   8b 45 18 41 f7 d2 45 23 55 0c 41 0b c2 d1 e9 83
0x00007ffcd4099049:   e1 03 f7 d0 41 23 45 10 d3 e2 41 80 7d 1e 00 89
0x00007ffcd4099059:   94 24 c8 00 00 00 0f 85 52 08 00 00 41 80 bf 8c
0x00007ffcd4099069:   ec 55 00 00 0f 85 44 08 00 00 85 f6 0f 8e 3c 08
0x00007ffcd4099079:   00 00 41 3b 97 a8 ee 55 00 0f 8f 2f 08 00 00 41
0x00007ffcd4099089:   83 7d 08 00 0f 85 24 08 00 00 41 80 7d 1d 00 0f
0x00007ffcd4099099:   85 19 08 00 00 41 80 7d 1c 00 0f 85 0e 08 00 00
0x00007ffcd40990a9:   41 80 bf 95 38 55 00 00 0f 85 00 08 00 00 41 80
0x00007ffcd40990b9:   bf 9c 38 55 00 00 0f 85 f2 07 00 00 a9 00 00 03
0x00007ffcd40990c9:   00 0f 85 e7 07 00 00 44 0b d0 45 85 55 20 0f 85
0x00007ffcd40990d9:   da 07 00 00 bf 01 00 00 00 49 8d 8f 00 f0 55 00
0x00007ffcd40990e9:   8b d7 e8 10 f7 e6 ff 41 81 fc 05 14 00 00 75 21
0x00007ffcd40990f9:   8b 0b 8d 6e ff 48 63 c5 48 89 84 24 a0 00 00 00
0x00007ffcd4099109:   8b 04 83 3b c8 44 8b f0 44 0f 47 f1 0f 42 c1 eb
0x00007ffcd4099119:   6e 41 81 fc 03 14 00 00 75 2c 0f b7 13 8d 6e ff
0x00007ffcd4099129:   48 63 c5 48 89 84 24 a0 00 00 00 0f b7 0c 43 0f
0x00007ffcd4099139:   b7 c1 66 3b d1 66 0f 47 c2 66 0f 42 ca 44 0f b7
0x00007ffcd4099149:   f0 0f b7 c1 eb 39 41 81 fc 01 14 00 00 0f 85 5b
0x00007ffcd4099159:   07 00 00 44 0f b6 03 8d 6e ff 48 63 c5 48 89 84
0x00007ffcd4099169:   24 a0 00 00 00 0f b6 14 18 44 3a c2 8b ca 41 0f
0x00007ffcd4099179:   47 c8 44 0f b6 f1 8b ca 41 0f 42 c8 0f b6 c1 49
0x00007ffcd4099189:   8b cd 44 2b f0 e8 2d 0b 00 00 45 8b 55 78 41 8b
0x00007ffcd4099199:   c2 41 0f af c6 41 3b 87 ac ee 55 00 0f 8f 0c 07
0x00007ffcd40991a9:   00 00 41 81 fc 05 14 00 00 0f 85 0f 01 00 00 44
0x00007ffcd40991b9:   8b 0b 45 8b f1 48 8d 53 04 3b f7 0f 8e 83 03 00
0x00007ffcd40991c9:   00 83 fd 08 0f 82 b1 00 00 00 83 3d 06 d0 ab 01
0x00007ffcd40991d9:   02 0f 8c a4 00 00 00 81 e5 07 00 00 80 7d 07 ff
0x00007ffcd40991e9:   cd 83 cd f8 ff c5 66 41 0f 6e c9 8b c6 66 0f 70 


Stack slot to memory mapping:
stack at sp + 0 slots: 0x0 is NULL
stack at sp + 1 slots: 0x0 is NULL
stack at sp + 2 slots: 0x000001bf78612400 points into unknown readable memory: 00 00 00 00 00 00 00 00
stack at sp + 3 slots: 0x0 is NULL
stack at sp + 4 slots: 0x00007ffcd65dcf58 jvm.dll
stack at sp + 5 slots: 0x000001bf1d21b680 points into unknown readable memory: 34 00 07 00 89 6c 28 49
stack at sp + 6 slots: 0x0000000578612000 is an unknown value
stack at sp + 7 slots: 0x000000bb9a3ff3c8 is pointing into the stack for thread: 0x000001bf78612000


---------------  P R O C E S S  ---------------

Threads class SMR info:
_java_thread_list=0x000001bf1d7a23b0, length=13, elements={
0x000001bf78612000, 0x000001bf1baac800, 0x000001bf1baae000, 0x000001bf1c34a000,
0x000001bf1c34b000, 0x000001bf1c34c800, 0x000001bf1c35d800, 0x000001bf1c36c000,
0x000001bf1c391800, 0x000001bf1c36d800, 0x000001bf1c369000, 0x000001bf1c36d000,
0x000001bf1c36a800
}

Java Threads: ( => current thread )
=>0x000001bf78612000 JavaThread "main" [_thread_in_native, id=12716, stack(0x000000bb9a300000,0x000000bb9a400000)]
  0x000001bf1baac800 JavaThread "Reference Handler" daemon [_thread_blocked, id=4928, stack(0x000000bb9aa00000,0x000000bb9ab00000)]
  0x000001bf1baae000 JavaThread "Finalizer" daemon [_thread_blocked, id=7100, stack(0x000000bb9ab00000,0x000000bb9ac00000)]
  0x000001bf1c34a000 JavaThread "Signal Dispatcher" daemon [_thread_blocked, id=14876, stack(0x000000bb9ac00000,0x000000bb9ad00000)]
  0x000001bf1c34b000 JavaThread "Attach Listener" daemon [_thread_blocked, id=15192, stack(0x000000bb9ad00000,0x000000bb9ae00000)]
  0x000001bf1c34c800 JavaThread "Service Thread" daemon [_thread_blocked, id=8552, stack(0x000000bb9ae00000,0x000000bb9af00000)]
  0x000001bf1c35d800 JavaThread "C2 CompilerThread0" daemon [_thread_blocked, id=6908, stack(0x000000bb9af00000,0x000000bb9b000000)]
  0x000001bf1c36c000 JavaThread "C1 CompilerThread0" daemon [_thread_blocked, id=10604, stack(0x000000bb9b000000,0x000000bb9b100000)]
  0x000001bf1c391800 JavaThread "Sweeper thread" daemon [_thread_blocked, id=4764, stack(0x000000bb9b100000,0x000000bb9b200000)]
  0x000001bf1c36d800 JavaThread "Common-Cleaner" daemon [_thread_blocked, id=11144, stack(0x000000bb9b200000,0x000000bb9b300000)]
  0x000001bf1c369000 JavaThread "org.jacoco.agent.rt.internal_43f5073.output.TcpClientOutput" daemon [_thread_in_native, id=14644, stack(0x000000bb9b700000,0x000000bb9b800000)]
  0x000001bf1c36d000 JavaThread "Notification Thread" daemon [_thread_blocked, id=6976, stack(0x000000bb9b800000,0x000000bb9b900000)]
  0x000001bf1c36a800 JavaThread "C2 CompilerThread1" daemon [_thread_blocked, id=15104, stack(0x000000bb9b600000,0x000000bb9b700000)]

Other Threads:
  0x000001bf1baa8800 VMThread "VM Thread" [stack: 0x000000bb9a900000,0x000000bb9aa00000] [id=4112]
  0x000001bf1d2a2000 WatcherThread [stack: 0x000000bb9b900000,0x000000bb9ba00000] [id=3852]
  0x000001bf78672800 GCTaskThread "GC Thread#0" [stack: 0x000000bb9a400000,0x000000bb9a500000] [id=12768]
  0x000001bf1d056000 GCTaskThread "GC Thread#1" [stack: 0x000000bb9b300000,0x000000bb9b400000] [id=3580]
  0x000001bf1d057000 GCTaskThread "GC Thread#2" [stack: 0x000000bb9b400000,0x000000bb9b500000] [id=13200]
  0x000001bf1d053800 GCTaskThread "GC Thread#3" [stack: 0x000000bb9b500000,0x000000bb9b600000] [id=3548]
  0x000001bf78697000 ConcurrentGCThread "G1 Main Marker" [stack: 0x000000bb9a500000,0x000000bb9a600000] [id=12708]
  0x000001bf78698000 ConcurrentGCThread "G1 Conc#0" [stack: 0x000000bb9a600000,0x000000bb9a700000] [id=2792]
  0x000001bf1b996800 ConcurrentGCThread "G1 Refine#0" [stack: 0x000000bb9a700000,0x000000bb9a800000] [id=14712]
  0x000001bf1b99b000 ConcurrentGCThread "G1 Young RemSet Sampling" [stack: 0x000000bb9a800000,0x000000bb9a900000] [id=11308]

Threads with active compile tasks:

VM state:not at safepoint (normal execution)

VM Mutex/Monitor currently owned by a thread: None

Heap address: 0x0000000701000000, size: 4080 MB, Compressed Oops mode: Zero based, Oop shift amount: 3
Narrow klass base: 0x0000000800000000, Narrow klass shift: 3
Compressed class space size: 1073741824 Address: 0x0000000800b30000

Heap:
 garbage-first heap   total 262144K, used 8994K [0x0000000701000000, 0x0000000800000000)
  region size 1024K, 8 young (8192K), 3 survivors (3072K)
 Metaspace       used 10606K, capacity 10894K, committed 11008K, reserved 1058816K
  class space    used 692K, capacity 741K, committed 768K, reserved 1048576K
Heap Regions: E=young(eden), S=young(survivor), O=old, HS=humongous(starts), HC=humongous(continues), CS=collection set, F=free, OA=open archive, CA=closed archive, TAMS=top-at-mark-start (previous, next)
|   0|0x0000000701000000, 0x0000000701100000, 0x0000000701100000|100%| O|  |TAMS 0x0000000701000000, 0x0000000701000000| Untracked 
|   1|0x0000000701100000, 0x0000000701200000, 0x0000000701200000|100%| O|  |TAMS 0x0000000701100000, 0x0000000701100000| Untracked 
|   2|0x0000000701200000, 0x0000000701259200, 0x0000000701300000| 34%| O|  |TAMS 0x0000000701200000, 0x0000000701200000| Untracked 
|   3|0x0000000701300000, 0x0000000701300000, 0x0000000701400000|  0%| F|  |TAMS 0x0000000701300000, 0x0000000701300000| Untracked 
|   4|0x0000000701400000, 0x0000000701400000, 0x0000000701500000|  0%| F|  |TAMS 0x0000000701400000, 0x0000000701400000| Untracked 
|   5|0x0000000701500000, 0x0000000701500000, 0x0000000701600000|  0%| F|  |TAMS 0x0000000701500000, 0x0000000701500000| Untracked 
|   6|0x0000000701600000, 0x0000000701600000, 0x0000000701700000|  0%| F|  |TAMS 0x0000000701600000, 0x0000000701600000| Untracked 
|   7|0x0000000701700000, 0x0000000701700000, 0x0000000701800000|  0%| F|  |TAMS 0x0000000701700000, 0x0000000701700000| Untracked 
|   8|0x0000000701800000, 0x0000000701800000, 0x0000000701900000|  0%| F|  |TAMS 0x0000000701800000, 0x0000000701800000| Untracked 
|   9|0x0000000701900000, 0x0000000701900000, 0x0000000701a00000|  0%| F|  |TAMS 0x0000000701900000, 0x0000000701900000| Untracked 
|  10|0x0000000701a00000, 0x0000000701a00000, 0x0000000701b00000|  0%| F|  |TAMS 0x0000000701a00000, 0x0000000701a00000| Untracked 
|  11|0x0000000701b00000, 0x0000000701b00000, 0x0000000701c00000|  0%| F|  |TAMS 0x0000000701b00000, 0x0000000701b00000| Untracked 
|  12|0x0000000701c00000, 0x0000000701c00000, 0x0000000701d00000|  0%| F|  |TAMS 0x0000000701c00000, 0x0000000701c00000| Untracked 
|  13|0x0000000701d00000, 0x0000000701d00000, 0x0000000701e00000|  0%| F|  |TAMS 0x0000000701d00000, 0x0000000701d00000| Untracked 
|  14|0x0000000701e00000, 0x0000000701e00000, 0x0000000701f00000|  0%| F|  |TAMS 0x0000000701e00000, 0x0000000701e00000| Untracked 
|  15|0x0000000701f00000, 0x0000000701f00000, 0x0000000702000000|  0%| F|  |TAMS 0x0000000701f00000, 0x0000000701f00000| Untracked 
|  16|0x0000000702000000, 0x0000000702000000, 0x0000000702100000|  0%| F|  |TAMS 0x0000000702000000, 0x0000000702000000| Untracked 
|  17|0x0000000702100000, 0x0000000702100000, 0x0000000702200000|  0%| F|  |TAMS 0x0000000702100000, 0x0000000702100000| Untracked 
|  18|0x0000000702200000, 0x0000000702200000, 0x0000000702300000|  0%| F|  |TAMS 0x0000000702200000, 0x0000000702200000| Untracked 
|  19|0x0000000702300000, 0x0000000702300000, 0x0000000702400000|  0%| F|  |TAMS 0x0000000702300000, 0x0000000702300000| Untracked 
|  20|0x0000000702400000, 0x0000000702400000, 0x0000000702500000|  0%| F|  |TAMS 0x0000000702400000, 0x0000000702400000| Untracked 
|  21|0x0000000702500000, 0x0000000702500000, 0x0000000702600000|  0%| F|  |TAMS 0x0000000702500000, 0x0000000702500000| Untracked 
|  22|0x0000000702600000, 0x0000000702600000, 0x0000000702700000|  0%| F|  |TAMS 0x0000000702600000, 0x0000000702600000| Untracked 
|  23|0x0000000702700000, 0x0000000702700000, 0x0000000702800000|  0%| F|  |TAMS 0x0000000702700000, 0x0000000702700000| Untracked 
|  24|0x0000000702800000, 0x0000000702800000, 0x0000000702900000|  0%| F|  |TAMS 0x0000000702800000, 0x0000000702800000| Untracked 
|  25|0x0000000702900000, 0x0000000702900000, 0x0000000702a00000|  0%| F|  |TAMS 0x0000000702900000, 0x0000000702900000| Untracked 
|  26|0x0000000702a00000, 0x0000000702a00000, 0x0000000702b00000|  0%| F|  |TAMS 0x0000000702a00000, 0x0000000702a00000| Untracked 
|  27|0x0000000702b00000, 0x0000000702b00000, 0x0000000702c00000|  0%| F|  |TAMS 0x0000000702b00000, 0x0000000702b00000| Untracked 
|  28|0x0000000702c00000, 0x0000000702c00000, 0x0000000702d00000|  0%| F|  |TAMS 0x0000000702c00000, 0x0000000702c00000| Untracked 
|  29|0x0000000702d00000, 0x0000000702d00000, 0x0000000702e00000|  0%| F|  |TAMS 0x0000000702d00000, 0x0000000702d00000| Untracked 
|  30|0x0000000702e00000, 0x0000000702e00000, 0x0000000702f00000|  0%| F|  |TAMS 0x0000000702e00000, 0x0000000702e00000| Untracked 
|  31|0x0000000702f00000, 0x0000000702f00000, 0x0000000703000000|  0%| F|  |TAMS 0x0000000702f00000, 0x0000000702f00000| Untracked 
|  32|0x0000000703000000, 0x0000000703000000, 0x0000000703100000|  0%| F|  |TAMS 0x0000000703000000, 0x0000000703000000| Untracked 
|  33|0x0000000703100000, 0x0000000703100000, 0x0000000703200000|  0%| F|  |TAMS 0x0000000703100000, 0x0000000703100000| Untracked 
|  34|0x0000000703200000, 0x0000000703200000, 0x0000000703300000|  0%| F|  |TAMS 0x0000000703200000, 0x0000000703200000| Untracked 
|  35|0x0000000703300000, 0x0000000703300000, 0x0000000703400000|  0%| F|  |TAMS 0x0000000703300000, 0x0000000703300000| Untracked 
|  36|0x0000000703400000, 0x0000000703400000, 0x0000000703500000|  0%| F|  |TAMS 0x0000000703400000, 0x0000000703400000| Untracked 
|  37|0x0000000703500000, 0x0000000703500000, 0x0000000703600000|  0%| F|  |TAMS 0x0000000703500000, 0x0000000703500000| Untracked 
|  38|0x0000000703600000, 0x0000000703600000, 0x0000000703700000|  0%| F|  |TAMS 0x0000000703600000, 0x0000000703600000| Untracked 
|  39|0x0000000703700000, 0x0000000703700000, 0x0000000703800000|  0%| F|  |TAMS 0x0000000703700000, 0x0000000703700000| Untracked 
|  40|0x0000000703800000, 0x0000000703800000, 0x0000000703900000|  0%| F|  |TAMS 0x0000000703800000, 0x0000000703800000| Untracked 
|  41|0x0000000703900000, 0x0000000703900000, 0x0000000703a00000|  0%| F|  |TAMS 0x0000000703900000, 0x0000000703900000| Untracked 
|  42|0x0000000703a00000, 0x0000000703a00000, 0x0000000703b00000|  0%| F|  |TAMS 0x0000000703a00000, 0x0000000703a00000| Untracked 
|  43|0x0000000703b00000, 0x0000000703b00000, 0x0000000703c00000|  0%| F|  |TAMS 0x0000000703b00000, 0x0000000703b00000| Untracked 
|  44|0x0000000703c00000, 0x0000000703c00000, 0x0000000703d00000|  0%| F|  |TAMS 0x0000000703c00000, 0x0000000703c00000| Untracked 
|  45|0x0000000703d00000, 0x0000000703d00000, 0x0000000703e00000|  0%| F|  |TAMS 0x0000000703d00000, 0x0000000703d00000| Untracked 
|  46|0x0000000703e00000, 0x0000000703e00000, 0x0000000703f00000|  0%| F|  |TAMS 0x0000000703e00000, 0x0000000703e00000| Untracked 
|  47|0x0000000703f00000, 0x0000000703f00000, 0x0000000704000000|  0%| F|  |TAMS 0x0000000703f00000, 0x0000000703f00000| Untracked 
|  48|0x0000000704000000, 0x0000000704000000, 0x0000000704100000|  0%| F|  |TAMS 0x0000000704000000, 0x0000000704000000| Untracked 
|  49|0x0000000704100000, 0x0000000704100000, 0x0000000704200000|  0%| F|  |TAMS 0x0000000704100000, 0x0000000704100000| Untracked 
|  50|0x0000000704200000, 0x0000000704200000, 0x0000000704300000|  0%| F|  |TAMS 0x0000000704200000, 0x0000000704200000| Untracked 
|  51|0x0000000704300000, 0x0000000704300000, 0x0000000704400000|  0%| F|  |TAMS 0x0000000704300000, 0x0000000704300000| Untracked 
|  52|0x0000000704400000, 0x0000000704400000, 0x0000000704500000|  0%| F|  |TAMS 0x0000000704400000, 0x0000000704400000| Untracked 
|  53|0x0000000704500000, 0x0000000704500000, 0x0000000704600000|  0%| F|  |TAMS 0x0000000704500000, 0x0000000704500000| Untracked 
|  54|0x0000000704600000, 0x0000000704600000, 0x0000000704700000|  0%| F|  |TAMS 0x0000000704600000, 0x0000000704600000| Untracked 
|  55|0x0000000704700000, 0x0000000704700000, 0x0000000704800000|  0%| F|  |TAMS 0x0000000704700000, 0x0000000704700000| Untracked 
|  56|0x0000000704800000, 0x0000000704800000, 0x0000000704900000|  0%| F|  |TAMS 0x0000000704800000, 0x0000000704800000| Untracked 
|  57|0x0000000704900000, 0x0000000704900000, 0x0000000704a00000|  0%| F|  |TAMS 0x0000000704900000, 0x0000000704900000| Untracked 
|  58|0x0000000704a00000, 0x0000000704a00000, 0x0000000704b00000|  0%| F|  |TAMS 0x0000000704a00000, 0x0000000704a00000| Untracked 
|  59|0x0000000704b00000, 0x0000000704b00000, 0x0000000704c00000|  0%| F|  |TAMS 0x0000000704b00000, 0x0000000704b00000| Untracked 
|  60|0x0000000704c00000, 0x0000000704c00000, 0x0000000704d00000|  0%| F|  |TAMS 0x0000000704c00000, 0x0000000704c00000| Untracked 
|  61|0x0000000704d00000, 0x0000000704d00000, 0x0000000704e00000|  0%| F|  |TAMS 0x0000000704d00000, 0x0000000704d00000| Untracked 
|  62|0x0000000704e00000, 0x0000000704e00000, 0x0000000704f00000|  0%| F|  |TAMS 0x0000000704e00000, 0x0000000704e00000| Untracked 
|  63|0x0000000704f00000, 0x0000000704f00000, 0x0000000705000000|  0%| F|  |TAMS 0x0000000704f00000, 0x0000000704f00000| Untracked 
|  64|0x0000000705000000, 0x0000000705000000, 0x0000000705100000|  0%| F|  |TAMS 0x0000000705000000, 0x0000000705000000| Untracked 
|  65|0x0000000705100000, 0x0000000705100000, 0x0000000705200000|  0%| F|  |TAMS 0x0000000705100000, 0x0000000705100000| Untracked 
|  66|0x0000000705200000, 0x0000000705200000, 0x0000000705300000|  0%| F|  |TAMS 0x0000000705200000, 0x0000000705200000| Untracked 
|  67|0x0000000705300000, 0x0000000705300000, 0x0000000705400000|  0%| F|  |TAMS 0x0000000705300000, 0x0000000705300000| Untracked 
|  68|0x0000000705400000, 0x0000000705400000, 0x0000000705500000|  0%| F|  |TAMS 0x0000000705400000, 0x0000000705400000| Untracked 
|  69|0x0000000705500000, 0x0000000705500000, 0x0000000705600000|  0%| F|  |TAMS 0x0000000705500000, 0x0000000705500000| Untracked 
|  70|0x0000000705600000, 0x0000000705600000, 0x0000000705700000|  0%| F|  |TAMS 0x0000000705600000, 0x0000000705600000| Untracked 
|  71|0x0000000705700000, 0x0000000705700000, 0x0000000705800000|  0%| F|  |TAMS 0x0000000705700000, 0x0000000705700000| Untracked 
|  72|0x0000000705800000, 0x0000000705800000, 0x0000000705900000|  0%| F|  |TAMS 0x0000000705800000, 0x0000000705800000| Untracked 
|  73|0x0000000705900000, 0x0000000705900000, 0x0000000705a00000|  0%| F|  |TAMS 0x0000000705900000, 0x0000000705900000| Untracked 
|  74|0x0000000705a00000, 0x0000000705a00000, 0x0000000705b00000|  0%| F|  |TAMS 0x0000000705a00000, 0x0000000705a00000| Untracked 
|  75|0x0000000705b00000, 0x0000000705b00000, 0x0000000705c00000|  0%| F|  |TAMS 0x0000000705b00000, 0x0000000705b00000| Untracked 
|  76|0x0000000705c00000, 0x0000000705c00000, 0x0000000705d00000|  0%| F|  |TAMS 0x0000000705c00000, 0x0000000705c00000| Untracked 
|  77|0x0000000705d00000, 0x0000000705d00000, 0x0000000705e00000|  0%| F|  |TAMS 0x0000000705d00000, 0x0000000705d00000| Untracked 
|  78|0x0000000705e00000, 0x0000000705e00000, 0x0000000705f00000|  0%| F|  |TAMS 0x0000000705e00000, 0x0000000705e00000| Untracked 
|  79|0x0000000705f00000, 0x0000000705f00000, 0x0000000706000000|  0%| F|  |TAMS 0x0000000705f00000, 0x0000000705f00000| Untracked 
|  80|0x0000000706000000, 0x0000000706000000, 0x0000000706100000|  0%| F|  |TAMS 0x0000000706000000, 0x0000000706000000| Untracked 
|  81|0x0000000706100000, 0x0000000706100000, 0x0000000706200000|  0%| F|  |TAMS 0x0000000706100000, 0x0000000706100000| Untracked 
|  82|0x0000000706200000, 0x0000000706200000, 0x0000000706300000|  0%| F|  |TAMS 0x0000000706200000, 0x0000000706200000| Untracked 
|  83|0x0000000706300000, 0x0000000706300000, 0x0000000706400000|  0%| F|  |TAMS 0x0000000706300000, 0x0000000706300000| Untracked 
|  84|0x0000000706400000, 0x0000000706400000, 0x0000000706500000|  0%| F|  |TAMS 0x0000000706400000, 0x0000000706400000| Untracked 
|  85|0x0000000706500000, 0x0000000706500000, 0x0000000706600000|  0%| F|  |TAMS 0x0000000706500000, 0x0000000706500000| Untracked 
|  86|0x0000000706600000, 0x0000000706600000, 0x0000000706700000|  0%| F|  |TAMS 0x0000000706600000, 0x0000000706600000| Untracked 
|  87|0x0000000706700000, 0x0000000706700000, 0x0000000706800000|  0%| F|  |TAMS 0x0000000706700000, 0x0000000706700000| Untracked 
|  88|0x0000000706800000, 0x0000000706800000, 0x0000000706900000|  0%| F|  |TAMS 0x0000000706800000, 0x0000000706800000| Untracked 
|  89|0x0000000706900000, 0x0000000706900000, 0x0000000706a00000|  0%| F|  |TAMS 0x0000000706900000, 0x0000000706900000| Untracked 
|  90|0x0000000706a00000, 0x0000000706a00000, 0x0000000706b00000|  0%| F|  |TAMS 0x0000000706a00000, 0x0000000706a00000| Untracked 
|  91|0x0000000706b00000, 0x0000000706b00000, 0x0000000706c00000|  0%| F|  |TAMS 0x0000000706b00000, 0x0000000706b00000| Untracked 
|  92|0x0000000706c00000, 0x0000000706c00000, 0x0000000706d00000|  0%| F|  |TAMS 0x0000000706c00000, 0x0000000706c00000| Untracked 
|  93|0x0000000706d00000, 0x0000000706d00000, 0x0000000706e00000|  0%| F|  |TAMS 0x0000000706d00000, 0x0000000706d00000| Untracked 
|  94|0x0000000706e00000, 0x0000000706e00000, 0x0000000706f00000|  0%| F|  |TAMS 0x0000000706e00000, 0x0000000706e00000| Untracked 
|  95|0x0000000706f00000, 0x0000000706f00000, 0x0000000707000000|  0%| F|  |TAMS 0x0000000706f00000, 0x0000000706f00000| Untracked 
|  96|0x0000000707000000, 0x0000000707000000, 0x0000000707100000|  0%| F|  |TAMS 0x0000000707000000, 0x0000000707000000| Untracked 
|  97|0x0000000707100000, 0x0000000707100000, 0x0000000707200000|  0%| F|  |TAMS 0x0000000707100000, 0x0000000707100000| Untracked 
|  98|0x0000000707200000, 0x0000000707200000, 0x0000000707300000|  0%| F|  |TAMS 0x0000000707200000, 0x0000000707200000| Untracked 
|  99|0x0000000707300000, 0x0000000707300000, 0x0000000707400000|  0%| F|  |TAMS 0x0000000707300000, 0x0000000707300000| Untracked 
| 100|0x0000000707400000, 0x000000070746f840, 0x0000000707500000| 43%| S|CS|TAMS 0x0000000707400000, 0x0000000707400000| Complete 
| 101|0x0000000707500000, 0x0000000707600000, 0x0000000707600000|100%| S|CS|TAMS 0x0000000707500000, 0x0000000707500000| Complete 
| 102|0x0000000707600000, 0x0000000707700000, 0x0000000707700000|100%| S|CS|TAMS 0x0000000707600000, 0x0000000707600000| Complete 
| 103|0x0000000707700000, 0x0000000707700000, 0x0000000707800000|  0%| F|  |TAMS 0x0000000707700000, 0x0000000707700000| Untracked 
| 104|0x0000000707800000, 0x0000000707800000, 0x0000000707900000|  0%| F|  |TAMS 0x0000000707800000, 0x0000000707800000| Untracked 
| 105|0x0000000707900000, 0x0000000707900000, 0x0000000707a00000|  0%| F|  |TAMS 0x0000000707900000, 0x0000000707900000| Untracked 
| 106|0x0000000707a00000, 0x0000000707a00000, 0x0000000707b00000|  0%| F|  |TAMS 0x0000000707a00000, 0x0000000707a00000| Untracked 
| 107|0x0000000707b00000, 0x0000000707b00000, 0x0000000707c00000|  0%| F|  |TAMS 0x0000000707b00000, 0x0000000707b00000| Untracked 
| 108|0x0000000707c00000, 0x0000000707c00000, 0x0000000707d00000|  0%| F|  |TAMS 0x0000000707c00000, 0x0000000707c00000| Untracked 
| 109|0x0000000707d00000, 0x0000000707d00000, 0x0000000707e00000|  0%| F|  |TAMS 0x0000000707d00000, 0x0000000707d00000| Untracked 
| 110|0x0000000707e00000, 0x0000000707e00000, 0x0000000707f00000|  0%| F|  |TAMS 0x0000000707e00000, 0x0000000707e00000| Untracked 
| 111|0x0000000707f00000, 0x0000000707f00000, 0x0000000708000000|  0%| F|  |TAMS 0x0000000707f00000, 0x0000000707f00000| Untracked 
| 112|0x0000000708000000, 0x0000000708000000, 0x0000000708100000|  0%| F|  |TAMS 0x0000000708000000, 0x0000000708000000| Untracked 
| 113|0x0000000708100000, 0x0000000708100000, 0x0000000708200000|  0%| F|  |TAMS 0x0000000708100000, 0x0000000708100000| Untracked 
| 114|0x0000000708200000, 0x0000000708200000, 0x0000000708300000|  0%| F|  |TAMS 0x0000000708200000, 0x0000000708200000| Untracked 
| 115|0x0000000708300000, 0x0000000708300000, 0x0000000708400000|  0%| F|  |TAMS 0x0000000708300000, 0x0000000708300000| Untracked 
| 116|0x0000000708400000, 0x0000000708400000, 0x0000000708500000|  0%| F|  |TAMS 0x0000000708400000, 0x0000000708400000| Untracked 
| 117|0x0000000708500000, 0x0000000708500000, 0x0000000708600000|  0%| F|  |TAMS 0x0000000708500000, 0x0000000708500000| Untracked 
| 118|0x0000000708600000, 0x0000000708600000, 0x0000000708700000|  0%| F|  |TAMS 0x0000000708600000, 0x0000000708600000| Untracked 
| 119|0x0000000708700000, 0x0000000708700000, 0x0000000708800000|  0%| F|  |TAMS 0x0000000708700000, 0x0000000708700000| Untracked 
| 120|0x0000000708800000, 0x0000000708800000, 0x0000000708900000|  0%| F|  |TAMS 0x0000000708800000, 0x0000000708800000| Untracked 
| 121|0x0000000708900000, 0x0000000708900000, 0x0000000708a00000|  0%| F|  |TAMS 0x0000000708900000, 0x0000000708900000| Untracked 
| 122|0x0000000708a00000, 0x0000000708a00000, 0x0000000708b00000|  0%| F|  |TAMS 0x0000000708a00000, 0x0000000708a00000| Untracked 
| 123|0x0000000708b00000, 0x0000000708b00000, 0x0000000708c00000|  0%| F|  |TAMS 0x0000000708b00000, 0x0000000708b00000| Untracked 
| 124|0x0000000708c00000, 0x0000000708c00000, 0x0000000708d00000|  0%| F|  |TAMS 0x0000000708c00000, 0x0000000708c00000| Untracked 
| 125|0x0000000708d00000, 0x0000000708d00000, 0x0000000708e00000|  0%| F|  |TAMS 0x0000000708d00000, 0x0000000708d00000| Untracked 
| 126|0x0000000708e00000, 0x0000000708e00000, 0x0000000708f00000|  0%| F|  |TAMS 0x0000000708e00000, 0x0000000708e00000| Untracked 
| 127|0x0000000708f00000, 0x0000000708f00000, 0x0000000709000000|  0%| F|  |TAMS 0x0000000708f00000, 0x0000000708f00000| Untracked 
| 128|0x0000000709000000, 0x0000000709000000, 0x0000000709100000|  0%| F|  |TAMS 0x0000000709000000, 0x0000000709000000| Untracked 
| 129|0x0000000709100000, 0x0000000709100000, 0x0000000709200000|  0%| F|  |TAMS 0x0000000709100000, 0x0000000709100000| Untracked 
| 130|0x0000000709200000, 0x0000000709200000, 0x0000000709300000|  0%| F|  |TAMS 0x0000000709200000, 0x0000000709200000| Untracked 
| 131|0x0000000709300000, 0x0000000709300000, 0x0000000709400000|  0%| F|  |TAMS 0x0000000709300000, 0x0000000709300000| Untracked 
| 132|0x0000000709400000, 0x0000000709400000, 0x0000000709500000|  0%| F|  |TAMS 0x0000000709400000, 0x0000000709400000| Untracked 
| 133|0x0000000709500000, 0x0000000709500000, 0x0000000709600000|  0%| F|  |TAMS 0x0000000709500000, 0x0000000709500000| Untracked 
| 134|0x0000000709600000, 0x0000000709600000, 0x0000000709700000|  0%| F|  |TAMS 0x0000000709600000, 0x0000000709600000| Untracked 
| 135|0x0000000709700000, 0x0000000709700000, 0x0000000709800000|  0%| F|  |TAMS 0x0000000709700000, 0x0000000709700000| Untracked 
| 136|0x0000000709800000, 0x0000000709800000, 0x0000000709900000|  0%| F|  |TAMS 0x0000000709800000, 0x0000000709800000| Untracked 
| 137|0x0000000709900000, 0x0000000709900000, 0x0000000709a00000|  0%| F|  |TAMS 0x0000000709900000, 0x0000000709900000| Untracked 
| 138|0x0000000709a00000, 0x0000000709a00000, 0x0000000709b00000|  0%| F|  |TAMS 0x0000000709a00000, 0x0000000709a00000| Untracked 
| 139|0x0000000709b00000, 0x0000000709b00000, 0x0000000709c00000|  0%| F|  |TAMS 0x0000000709b00000, 0x0000000709b00000| Untracked 
| 140|0x0000000709c00000, 0x0000000709c00000, 0x0000000709d00000|  0%| F|  |TAMS 0x0000000709c00000, 0x0000000709c00000| Untracked 
| 141|0x0000000709d00000, 0x0000000709d00000, 0x0000000709e00000|  0%| F|  |TAMS 0x0000000709d00000, 0x0000000709d00000| Untracked 
| 142|0x0000000709e00000, 0x0000000709e00000, 0x0000000709f00000|  0%| F|  |TAMS 0x0000000709e00000, 0x0000000709e00000| Untracked 
| 143|0x0000000709f00000, 0x0000000709f00000, 0x000000070a000000|  0%| F|  |TAMS 0x0000000709f00000, 0x0000000709f00000| Untracked 
| 144|0x000000070a000000, 0x000000070a000000, 0x000000070a100000|  0%| F|  |TAMS 0x000000070a000000, 0x000000070a000000| Untracked 
| 145|0x000000070a100000, 0x000000070a100000, 0x000000070a200000|  0%| F|  |TAMS 0x000000070a100000, 0x000000070a100000| Untracked 
| 146|0x000000070a200000, 0x000000070a200000, 0x000000070a300000|  0%| F|  |TAMS 0x000000070a200000, 0x000000070a200000| Untracked 
| 147|0x000000070a300000, 0x000000070a300000, 0x000000070a400000|  0%| F|  |TAMS 0x000000070a300000, 0x000000070a300000| Untracked 
| 148|0x000000070a400000, 0x000000070a400000, 0x000000070a500000|  0%| F|  |TAMS 0x000000070a400000, 0x000000070a400000| Untracked 
| 149|0x000000070a500000, 0x000000070a500000, 0x000000070a600000|  0%| F|  |TAMS 0x000000070a500000, 0x000000070a500000| Untracked 
| 150|0x000000070a600000, 0x000000070a600000, 0x000000070a700000|  0%| F|  |TAMS 0x000000070a600000, 0x000000070a600000| Untracked 
| 151|0x000000070a700000, 0x000000070a700000, 0x000000070a800000|  0%| F|  |TAMS 0x000000070a700000, 0x000000070a700000| Untracked 
| 152|0x000000070a800000, 0x000000070a800000, 0x000000070a900000|  0%| F|  |TAMS 0x000000070a800000, 0x000000070a800000| Untracked 
| 153|0x000000070a900000, 0x000000070a900000, 0x000000070aa00000|  0%| F|  |TAMS 0x000000070a900000, 0x000000070a900000| Untracked 
| 154|0x000000070aa00000, 0x000000070aa00000, 0x000000070ab00000|  0%| F|  |TAMS 0x000000070aa00000, 0x000000070aa00000| Untracked 
| 155|0x000000070ab00000, 0x000000070ab00000, 0x000000070ac00000|  0%| F|  |TAMS 0x000000070ab00000, 0x000000070ab00000| Untracked 
| 156|0x000000070ac00000, 0x000000070ac00000, 0x000000070ad00000|  0%| F|  |TAMS 0x000000070ac00000, 0x000000070ac00000| Untracked 
| 157|0x000000070ad00000, 0x000000070ad00000, 0x000000070ae00000|  0%| F|  |TAMS 0x000000070ad00000, 0x000000070ad00000| Untracked 
| 158|0x000000070ae00000, 0x000000070ae00000, 0x000000070af00000|  0%| F|  |TAMS 0x000000070ae00000, 0x000000070ae00000| Untracked 
| 159|0x000000070af00000, 0x000000070af00000, 0x000000070b000000|  0%| F|  |TAMS 0x000000070af00000, 0x000000070af00000| Untracked 
| 160|0x000000070b000000, 0x000000070b000000, 0x000000070b100000|  0%| F|  |TAMS 0x000000070b000000, 0x000000070b000000| Untracked 
| 161|0x000000070b100000, 0x000000070b100000, 0x000000070b200000|  0%| F|  |TAMS 0x000000070b100000, 0x000000070b100000| Untracked 
| 162|0x000000070b200000, 0x000000070b200000, 0x000000070b300000|  0%| F|  |TAMS 0x000000070b200000, 0x000000070b200000| Untracked 
| 163|0x000000070b300000, 0x000000070b300000, 0x000000070b400000|  0%| F|  |TAMS 0x000000070b300000, 0x000000070b300000| Untracked 
| 164|0x000000070b400000, 0x000000070b400000, 0x000000070b500000|  0%| F|  |TAMS 0x000000070b400000, 0x000000070b400000| Untracked 
| 165|0x000000070b500000, 0x000000070b500000, 0x000000070b600000|  0%| F|  |TAMS 0x000000070b500000, 0x000000070b500000| Untracked 
| 166|0x000000070b600000, 0x000000070b600000, 0x000000070b700000|  0%| F|  |TAMS 0x000000070b600000, 0x000000070b600000| Untracked 
| 167|0x000000070b700000, 0x000000070b700000, 0x000000070b800000|  0%| F|  |TAMS 0x000000070b700000, 0x000000070b700000| Untracked 
| 168|0x000000070b800000, 0x000000070b800000, 0x000000070b900000|  0%| F|  |TAMS 0x000000070b800000, 0x000000070b800000| Untracked 
| 169|0x000000070b900000, 0x000000070b900000, 0x000000070ba00000|  0%| F|  |TAMS 0x000000070b900000, 0x000000070b900000| Untracked 
| 170|0x000000070ba00000, 0x000000070ba00000, 0x000000070bb00000|  0%| F|  |TAMS 0x000000070ba00000, 0x000000070ba00000| Untracked 
| 171|0x000000070bb00000, 0x000000070bb00000, 0x000000070bc00000|  0%| F|  |TAMS 0x000000070bb00000, 0x000000070bb00000| Untracked 
| 172|0x000000070bc00000, 0x000000070bc00000, 0x000000070bd00000|  0%| F|  |TAMS 0x000000070bc00000, 0x000000070bc00000| Untracked 
| 173|0x000000070bd00000, 0x000000070bd00000, 0x000000070be00000|  0%| F|  |TAMS 0x000000070bd00000, 0x000000070bd00000| Untracked 
| 174|0x000000070be00000, 0x000000070be00000, 0x000000070bf00000|  0%| F|  |TAMS 0x000000070be00000, 0x000000070be00000| Untracked 
| 175|0x000000070bf00000, 0x000000070bf00000, 0x000000070c000000|  0%| F|  |TAMS 0x000000070bf00000, 0x000000070bf00000| Untracked 
| 176|0x000000070c000000, 0x000000070c000000, 0x000000070c100000|  0%| F|  |TAMS 0x000000070c000000, 0x000000070c000000| Untracked 
| 177|0x000000070c100000, 0x000000070c100000, 0x000000070c200000|  0%| F|  |TAMS 0x000000070c100000, 0x000000070c100000| Untracked 
| 178|0x000000070c200000, 0x000000070c200000, 0x000000070c300000|  0%| F|  |TAMS 0x000000070c200000, 0x000000070c200000| Untracked 
| 179|0x000000070c300000, 0x000000070c300000, 0x000000070c400000|  0%| F|  |TAMS 0x000000070c300000, 0x000000070c300000| Untracked 
| 180|0x000000070c400000, 0x000000070c400000, 0x000000070c500000|  0%| F|  |TAMS 0x000000070c400000, 0x000000070c400000| Untracked 
| 181|0x000000070c500000, 0x000000070c500000, 0x000000070c600000|  0%| F|  |TAMS 0x000000070c500000, 0x000000070c500000| Untracked 
| 182|0x000000070c600000, 0x000000070c600000, 0x000000070c700000|  0%| F|  |TAMS 0x000000070c600000, 0x000000070c600000| Untracked 
| 183|0x000000070c700000, 0x000000070c700000, 0x000000070c800000|  0%| F|  |TAMS 0x000000070c700000, 0x000000070c700000| Untracked 
| 184|0x000000070c800000, 0x000000070c800000, 0x000000070c900000|  0%| F|  |TAMS 0x000000070c800000, 0x000000070c800000| Untracked 
| 185|0x000000070c900000, 0x000000070c900000, 0x000000070ca00000|  0%| F|  |TAMS 0x000000070c900000, 0x000000070c900000| Untracked 
| 186|0x000000070ca00000, 0x000000070ca00000, 0x000000070cb00000|  0%| F|  |TAMS 0x000000070ca00000, 0x000000070ca00000| Untracked 
| 187|0x000000070cb00000, 0x000000070cb00000, 0x000000070cc00000|  0%| F|  |TAMS 0x000000070cb00000, 0x000000070cb00000| Untracked 
| 188|0x000000070cc00000, 0x000000070cc00000, 0x000000070cd00000|  0%| F|  |TAMS 0x000000070cc00000, 0x000000070cc00000| Untracked 
| 189|0x000000070cd00000, 0x000000070cd00000, 0x000000070ce00000|  0%| F|  |TAMS 0x000000070cd00000, 0x000000070cd00000| Untracked 
| 190|0x000000070ce00000, 0x000000070ce00000, 0x000000070cf00000|  0%| F|  |TAMS 0x000000070ce00000, 0x000000070ce00000| Untracked 
| 191|0x000000070cf00000, 0x000000070cf00000, 0x000000070d000000|  0%| F|  |TAMS 0x000000070cf00000, 0x000000070cf00000| Untracked 
| 192|0x000000070d000000, 0x000000070d000000, 0x000000070d100000|  0%| F|  |TAMS 0x000000070d000000, 0x000000070d000000| Untracked 
| 193|0x000000070d100000, 0x000000070d100000, 0x000000070d200000|  0%| F|  |TAMS 0x000000070d100000, 0x000000070d100000| Untracked 
| 194|0x000000070d200000, 0x000000070d200000, 0x000000070d300000|  0%| F|  |TAMS 0x000000070d200000, 0x000000070d200000| Untracked 
| 195|0x000000070d300000, 0x000000070d300000, 0x000000070d400000|  0%| F|  |TAMS 0x000000070d300000, 0x000000070d300000| Untracked 
| 196|0x000000070d400000, 0x000000070d400000, 0x000000070d500000|  0%| F|  |TAMS 0x000000070d400000, 0x000000070d400000| Untracked 
| 197|0x000000070d500000, 0x000000070d500000, 0x000000070d600000|  0%| F|  |TAMS 0x000000070d500000, 0x000000070d500000| Untracked 
| 198|0x000000070d600000, 0x000000070d600000, 0x000000070d700000|  0%| F|  |TAMS 0x000000070d600000, 0x000000070d600000| Untracked 
| 199|0x000000070d700000, 0x000000070d700000, 0x000000070d800000|  0%| F|  |TAMS 0x000000070d700000, 0x000000070d700000| Untracked 
| 200|0x000000070d800000, 0x000000070d800000, 0x000000070d900000|  0%| F|  |TAMS 0x000000070d800000, 0x000000070d800000| Untracked 
| 201|0x000000070d900000, 0x000000070d900000, 0x000000070da00000|  0%| F|  |TAMS 0x000000070d900000, 0x000000070d900000| Untracked 
| 202|0x000000070da00000, 0x000000070da00000, 0x000000070db00000|  0%| F|  |TAMS 0x000000070da00000, 0x000000070da00000| Untracked 
| 203|0x000000070db00000, 0x000000070db00000, 0x000000070dc00000|  0%| F|  |TAMS 0x000000070db00000, 0x000000070db00000| Untracked 
| 204|0x000000070dc00000, 0x000000070dc00000, 0x000000070dd00000|  0%| F|  |TAMS 0x000000070dc00000, 0x000000070dc00000| Untracked 
| 205|0x000000070dd00000, 0x000000070dd00000, 0x000000070de00000|  0%| F|  |TAMS 0x000000070dd00000, 0x000000070dd00000| Untracked 
| 206|0x000000070de00000, 0x000000070de00000, 0x000000070df00000|  0%| F|  |TAMS 0x000000070de00000, 0x000000070de00000| Untracked 
| 207|0x000000070df00000, 0x000000070df00000, 0x000000070e000000|  0%| F|  |TAMS 0x000000070df00000, 0x000000070df00000| Untracked 
| 208|0x000000070e000000, 0x000000070e000000, 0x000000070e100000|  0%| F|  |TAMS 0x000000070e000000, 0x000000070e000000| Untracked 
| 209|0x000000070e100000, 0x000000070e100000, 0x000000070e200000|  0%| F|  |TAMS 0x000000070e100000, 0x000000070e100000| Untracked 
| 210|0x000000070e200000, 0x000000070e200000, 0x000000070e300000|  0%| F|  |TAMS 0x000000070e200000, 0x000000070e200000| Untracked 
| 211|0x000000070e300000, 0x000000070e300000, 0x000000070e400000|  0%| F|  |TAMS 0x000000070e300000, 0x000000070e300000| Untracked 
| 212|0x000000070e400000, 0x000000070e400000, 0x000000070e500000|  0%| F|  |TAMS 0x000000070e400000, 0x000000070e400000| Untracked 
| 213|0x000000070e500000, 0x000000070e500000, 0x000000070e600000|  0%| F|  |TAMS 0x000000070e500000, 0x000000070e500000| Untracked 
| 214|0x000000070e600000, 0x000000070e600000, 0x000000070e700000|  0%| F|  |TAMS 0x000000070e600000, 0x000000070e600000| Untracked 
| 215|0x000000070e700000, 0x000000070e700000, 0x000000070e800000|  0%| F|  |TAMS 0x000000070e700000, 0x000000070e700000| Untracked 
| 216|0x000000070e800000, 0x000000070e800000, 0x000000070e900000|  0%| F|  |TAMS 0x000000070e800000, 0x000000070e800000| Untracked 
| 217|0x000000070e900000, 0x000000070e900000, 0x000000070ea00000|  0%| F|  |TAMS 0x000000070e900000, 0x000000070e900000| Untracked 
| 218|0x000000070ea00000, 0x000000070ea00000, 0x000000070eb00000|  0%| F|  |TAMS 0x000000070ea00000, 0x000000070ea00000| Untracked 
| 219|0x000000070eb00000, 0x000000070eb00000, 0x000000070ec00000|  0%| F|  |TAMS 0x000000070eb00000, 0x000000070eb00000| Untracked 
| 220|0x000000070ec00000, 0x000000070ec00000, 0x000000070ed00000|  0%| F|  |TAMS 0x000000070ec00000, 0x000000070ec00000| Untracked 
| 221|0x000000070ed00000, 0x000000070ed00000, 0x000000070ee00000|  0%| F|  |TAMS 0x000000070ed00000, 0x000000070ed00000| Untracked 
| 222|0x000000070ee00000, 0x000000070ee00000, 0x000000070ef00000|  0%| F|  |TAMS 0x000000070ee00000, 0x000000070ee00000| Untracked 
| 223|0x000000070ef00000, 0x000000070ef00000, 0x000000070f000000|  0%| F|  |TAMS 0x000000070ef00000, 0x000000070ef00000| Untracked 
| 224|0x000000070f000000, 0x000000070f000000, 0x000000070f100000|  0%| F|  |TAMS 0x000000070f000000, 0x000000070f000000| Untracked 
| 225|0x000000070f100000, 0x000000070f100000, 0x000000070f200000|  0%| F|  |TAMS 0x000000070f100000, 0x000000070f100000| Untracked 
| 226|0x000000070f200000, 0x000000070f200000, 0x000000070f300000|  0%| F|  |TAMS 0x000000070f200000, 0x000000070f200000| Untracked 
| 227|0x000000070f300000, 0x000000070f300000, 0x000000070f400000|  0%| F|  |TAMS 0x000000070f300000, 0x000000070f300000| Untracked 
| 228|0x000000070f400000, 0x000000070f400000, 0x000000070f500000|  0%| F|  |TAMS 0x000000070f400000, 0x000000070f400000| Untracked 
| 229|0x000000070f500000, 0x000000070f500000, 0x000000070f600000|  0%| F|  |TAMS 0x000000070f500000, 0x000000070f500000| Untracked 
| 230|0x000000070f600000, 0x000000070f600000, 0x000000070f700000|  0%| F|  |TAMS 0x000000070f600000, 0x000000070f600000| Untracked 
| 231|0x000000070f700000, 0x000000070f700000, 0x000000070f800000|  0%| F|  |TAMS 0x000000070f700000, 0x000000070f700000| Untracked 
| 232|0x000000070f800000, 0x000000070f800000, 0x000000070f900000|  0%| F|  |TAMS 0x000000070f800000, 0x000000070f800000| Untracked 
| 233|0x000000070f900000, 0x000000070f900000, 0x000000070fa00000|  0%| F|  |TAMS 0x000000070f900000, 0x000000070f900000| Untracked 
| 234|0x000000070fa00000, 0x000000070fa00000, 0x000000070fb00000|  0%| F|  |TAMS 0x000000070fa00000, 0x000000070fa00000| Untracked 
| 235|0x000000070fb00000, 0x000000070fb00000, 0x000000070fc00000|  0%| F|  |TAMS 0x000000070fb00000, 0x000000070fb00000| Untracked 
| 236|0x000000070fc00000, 0x000000070fc00000, 0x000000070fd00000|  0%| F|  |TAMS 0x000000070fc00000, 0x000000070fc00000| Untracked 
| 237|0x000000070fd00000, 0x000000070fd00000, 0x000000070fe00000|  0%| F|  |TAMS 0x000000070fd00000, 0x000000070fd00000| Untracked 
| 238|0x000000070fe00000, 0x000000070fe00000, 0x000000070ff00000|  0%| F|  |TAMS 0x000000070fe00000, 0x000000070fe00000| Untracked 
| 239|0x000000070ff00000, 0x000000070ff00000, 0x0000000710000000|  0%| F|  |TAMS 0x000000070ff00000, 0x000000070ff00000| Untracked 
| 240|0x0000000710000000, 0x0000000710000000, 0x0000000710100000|  0%| F|  |TAMS 0x0000000710000000, 0x0000000710000000| Untracked 
| 241|0x0000000710100000, 0x0000000710100000, 0x0000000710200000|  0%| F|  |TAMS 0x0000000710100000, 0x0000000710100000| Untracked 
| 242|0x0000000710200000, 0x0000000710200000, 0x0000000710300000|  0%| F|  |TAMS 0x0000000710200000, 0x0000000710200000| Untracked 
| 243|0x0000000710300000, 0x0000000710300000, 0x0000000710400000|  0%| F|  |TAMS 0x0000000710300000, 0x0000000710300000| Untracked 
| 244|0x0000000710400000, 0x0000000710400000, 0x0000000710500000|  0%| F|  |TAMS 0x0000000710400000, 0x0000000710400000| Untracked 
| 245|0x0000000710500000, 0x0000000710500000, 0x0000000710600000|  0%| F|  |TAMS 0x0000000710500000, 0x0000000710500000| Untracked 
| 246|0x0000000710600000, 0x0000000710600000, 0x0000000710700000|  0%| F|  |TAMS 0x0000000710600000, 0x0000000710600000| Untracked 
| 247|0x0000000710700000, 0x0000000710700000, 0x0000000710800000|  0%| F|  |TAMS 0x0000000710700000, 0x0000000710700000| Untracked 
| 248|0x0000000710800000, 0x0000000710800000, 0x0000000710900000|  0%| F|  |TAMS 0x0000000710800000, 0x0000000710800000| Untracked 
| 249|0x0000000710900000, 0x0000000710900000, 0x0000000710a00000|  0%| F|  |TAMS 0x0000000710900000, 0x0000000710900000| Untracked 
| 250|0x0000000710a00000, 0x0000000710a00000, 0x0000000710b00000|  0%| F|  |TAMS 0x0000000710a00000, 0x0000000710a00000| Untracked 
| 251|0x0000000710b00000, 0x0000000710b80800, 0x0000000710c00000| 50%| E|  |TAMS 0x0000000710b00000, 0x0000000710b00000| Complete 
| 252|0x0000000710c00000, 0x0000000710d00000, 0x0000000710d00000|100%| E|CS|TAMS 0x0000000710c00000, 0x0000000710c00000| Complete 
| 253|0x0000000710d00000, 0x0000000710e00000, 0x0000000710e00000|100%| E|CS|TAMS 0x0000000710d00000, 0x0000000710d00000| Complete 
| 254|0x0000000710e00000, 0x0000000710f00000, 0x0000000710f00000|100%| E|CS|TAMS 0x0000000710e00000, 0x0000000710e00000| Complete 
| 255|0x0000000710f00000, 0x0000000711000000, 0x0000000711000000|100%| E|CS|TAMS 0x0000000710f00000, 0x0000000710f00000| Complete 

Card table byte_map: [0x000001bf78ec0000,0x000001bf796c0000] _byte_map_base: 0x000001bf756b8000

Marking Bits (Prev, Next): (CMBitMap*) 0x000001bf7654e378, (CMBitMap*) 0x000001bf7654e3b8
 Prev Bits: [0x000001bf79ec0000, 0x000001bf7de80000)
 Next Bits: [0x000001bf176d0000, 0x000001bf1b690000)

Polling page: 0x000001bf763e0000

Metaspace:

Usage:
  Non-class:      9.92 MB capacity,     9.68 MB ( 98%) used,   223.63 KB (  2%) free+waste,    15.69 KB ( <1%) overhead. 
      Class:    741.00 KB capacity,   692.99 KB ( 94%) used,    41.45 KB (  6%) free+waste,     6.56 KB ( <1%) overhead. 
       Both:     10.64 MB capacity,    10.36 MB ( 97%) used,   265.08 KB (  2%) free+waste,    22.25 KB ( <1%) overhead. 

Virtual space:
  Non-class space:       10.00 MB reserved,      10.00 MB (100%) committed 
      Class space:        1.00 GB reserved,     768.00 KB ( <1%) committed 
             Both:        1.01 GB reserved,      10.75 MB (  1%) committed 

Chunk freelists:
   Non-Class:  23.00 KB
       Class:  0 bytes
        Both:  23.00 KB

MaxMetaspaceSize: 17179869184.00 GB
CompressedClassSpaceSize: 1.00 GB

CodeHeap 'non-profiled nmethods': size=120000Kb used=1404Kb max_used=1404Kb free=118595Kb
 bounds [0x000001bf101a0000, 0x000001bf10410000, 0x000001bf176d0000]
CodeHeap 'profiled nmethods': size=120000Kb used=4202Kb max_used=4202Kb free=115797Kb
 bounds [0x000001bf08c70000, 0x000001bf09090000, 0x000001bf101a0000]
CodeHeap 'non-nmethods': size=5760Kb used=1624Kb max_used=1661Kb free=4135Kb
 bounds [0x000001bf086d0000, 0x000001bf08940000, 0x000001bf08c70000]
 total_blobs=3896 nmethods=1894 adapters=922
 compilation: enabled
              stopped_count=0, restarted_count=0
 full_count=0

Compilation events (20 events):
Event: 3.984 Thread 0x000001bf1c36c000 1882       3       org.lwjgl.system.MemoryUtil::memPutAddress (62 bytes)
Event: 3.984 Thread 0x000001bf1c36c000 nmethod 1882 0x000001bf09081510 code [0x000001bf090816c0, 0x000001bf09081988]
Event: 3.984 Thread 0x000001bf1c35d800 nmethod 1881 0x000001bf102fdd10 code [0x000001bf102fdec0, 0x000001bf102fdfb8]
Event: 3.984 Thread 0x000001bf1c36c000 1883       3       jdk.internal.reflect.Reflection::verifyMemberAccess (200 bytes)
Event: 3.985 Thread 0x000001bf1c35d800 1888       4       sun.misc.Unsafe::getLong (9 bytes)
Event: 3.985 Thread 0x000001bf1c35d800 nmethod 1888 0x000001bf102fe110 code [0x000001bf102fe2a0, 0x000001bf102fe338]
Event: 3.985 Thread 0x000001bf1c35d800 1893       4       org.lwjgl.PointerBuffer::$jacocoInit (53 bytes)
Event: 3.985 Thread 0x000001bf1c36a800 1894       4       org.lwjgl.system.CheckIntrinsics::$jacocoInit (51 bytes)
Event: 3.986 Thread 0x000001bf1c35d800 nmethod 1893 0x000001bf102fe410 code [0x000001bf102fe5a0, 0x000001bf102fe618]
Event: 3.986 Thread 0x000001bf1c36a800 nmethod 1894 0x000001bf102fe710 code [0x000001bf102fe8a0, 0x000001bf102fe918]
Event: 3.986 Thread 0x000001bf1c35d800 1895       4       org.lwjgl.system.Checks::check (48 bytes)
Event: 3.986 Thread 0x000001bf1c36a800 1896       4       sun.misc.Unsafe::getLong (9 bytes)
Event: 3.986 Thread 0x000001bf1c36a800 nmethod 1896 0x000001bf102fea10 code [0x000001bf102feba0, 0x000001bf102fec58]
Event: 3.986 Thread 0x000001bf1c36c000 nmethod 1883 0x000001bf09081b10 code [0x000001bf090820a0, 0x000001bf09084de8]
Event: 3.986 Thread 0x000001bf1c36c000 1884       3       java.lang.reflect.AccessibleObject::checkAccess (40 bytes)
Event: 3.987 Thread 0x000001bf1c36c000 nmethod 1884 0x000001bf09085b10 code [0x000001bf09085ce0, 0x000001bf09086038]
Event: 3.987 Thread 0x000001bf1c36c000 1885       3       java.lang.reflect.AccessibleObject::slowVerifyAccess (73 bytes)
Event: 3.987 Thread 0x000001bf1c36c000 nmethod 1885 0x000001bf09086190 code [0x000001bf090863a0, 0x000001bf09086b58]
Event: 3.987 Thread 0x000001bf1c35d800 nmethod 1895 0x000001bf102fed10 code [0x000001bf102feee0, 0x000001bf102ff0f8]
Event: 3.987 Thread 0x000001bf1c36c000 1886       3       java.lang.reflect.AccessibleObject::verifyAccess (55 bytes)

GC Heap History (8 events):
Event: 0.618 GC heap before
{Heap before GC invocations=0 (full 0):
 garbage-first heap   total 262144K, used 13312K [0x0000000701000000, 0x0000000800000000)
  region size 1024K, 13 young (13312K), 0 survivors (0K)
 Metaspace       used 830K, capacity 4515K, committed 4864K, reserved 1056768K
  class space    used 47K, capacity 398K, committed 512K, reserved 1048576K
}
Event: 0.632 GC heap after
{Heap after GC invocations=1 (full 0):
 garbage-first heap   total 262144K, used 2425K [0x0000000701000000, 0x0000000800000000)
  region size 1024K, 2 young (2048K), 2 survivors (2048K)
 Metaspace       used 830K, capacity 4515K, committed 4864K, reserved 1056768K
  class space    used 47K, capacity 398K, committed 512K, reserved 1048576K
}
Event: 0.932 GC heap before
{Heap before GC invocations=1 (full 0):
 garbage-first heap   total 262144K, used 18809K [0x0000000701000000, 0x0000000800000000)
  region size 1024K, 18 young (18432K), 2 survivors (2048K)
 Metaspace       used 3000K, capacity 4662K, committed 4864K, reserved 1056768K
  class space    used 276K, capacity 446K, committed 512K, reserved 1048576K
}
Event: 0.935 GC heap after
{Heap after GC invocations=2 (full 0):
 garbage-first heap   total 262144K, used 3274K [0x0000000701000000, 0x0000000800000000)
  region size 1024K, 1 young (1024K), 1 survivors (1024K)
 Metaspace       used 3000K, capacity 4662K, committed 4864K, reserved 1056768K
  class space    used 276K, capacity 446K, committed 512K, reserved 1048576K
}
Event: 1.086 GC heap before
{Heap before GC invocations=2 (full 0):
 garbage-first heap   total 262144K, used 37066K [0x0000000701000000, 0x0000000800000000)
  region size 1024K, 34 young (34816K), 1 survivors (1024K)
 Metaspace       used 3921K, capacity 5131K, committed 5376K, reserved 1056768K
  class space    used 378K, capacity 496K, committed 512K, reserved 1048576K
}
Event: 1.088 GC heap after
{Heap after GC invocations=3 (full 0):
 garbage-first heap   total 262144K, used 3421K [0x0000000701000000, 0x0000000800000000)
  region size 1024K, 1 young (1024K), 1 survivors (1024K)
 Metaspace       used 3921K, capacity 5131K, committed 5376K, reserved 1056768K
  class space    used 378K, capacity 496K, committed 512K, reserved 1048576K
}
Event: 3.878 GC heap before
{Heap before GC invocations=3 (full 0):
 garbage-first heap   total 262144K, used 158045K [0x0000000701000000, 0x0000000800000000)
  region size 1024K, 153 young (156672K), 1 survivors (1024K)
 Metaspace       used 10347K, capacity 10675K, committed 10752K, reserved 1058816K
  class space    used 664K, capacity 731K, committed 768K, reserved 1048576K
}
Event: 3.880 GC heap after
{Heap after GC invocations=4 (full 0):
 garbage-first heap   total 262144K, used 4898K [0x0000000701000000, 0x0000000800000000)
  region size 1024K, 3 young (3072K), 3 survivors (3072K)
 Metaspace       used 10347K, capacity 10675K, committed 10752K, reserved 1058816K
  class space    used 664K, capacity 731K, committed 768K, reserved 1048576K
}

Deoptimization events (20 events):
Event: 3.904 Thread 0x000001bf78612000 DEOPT PACKING pc=0x000001bf09034476 sp=0x000000bb9a3fc540
Event: 3.904 Thread 0x000001bf78612000 DEOPT UNPACKING pc=0x000001bf0871964e sp=0x000000bb9a3fba60 mode 0
Event: 3.912 Thread 0x000001bf78612000 DEOPT PACKING pc=0x000001bf09039a06 sp=0x000000bb9a3f8400
Event: 3.912 Thread 0x000001bf78612000 DEOPT UNPACKING pc=0x000001bf0871964e sp=0x000000bb9a3f7a50 mode 0
Event: 3.938 Thread 0x000001bf78612000 Uncommon trap: trap_request=0xffffff45 fr.pc=0x000001bf101c0f4c relative=0x000000000000110c
Event: 3.938 Thread 0x000001bf78612000 Uncommon trap: reason=unstable_if action=reinterpret pc=0x000001bf101c0f4c method=java.io.BufferedReader.readLine(Z)Ljava/lang/String; @ 66 c2
Event: 3.938 Thread 0x000001bf78612000 DEOPT PACKING pc=0x000001bf101c0f4c sp=0x000000bb9a3ff2c0
Event: 3.938 Thread 0x000001bf78612000 DEOPT UNPACKING pc=0x000001bf0871912f sp=0x000000bb9a3ff278 mode 2
Event: 3.952 Thread 0x000001bf78612000 Uncommon trap: trap_request=0xffffff45 fr.pc=0x000001bf102d882c relative=0x0000000000001a4c
Event: 3.952 Thread 0x000001bf78612000 Uncommon trap: reason=unstable_if action=reinterpret pc=0x000001bf102d882c method=org.jacoco.agent.rt.internal_43f5073.asm.Frame.putAbstractType(Lorg/jacoco/agent/rt/internal_43f5073/asm/SymbolTable;ILorg/jacoco/agent/rt/internal_43f5073/asm/ByteVector;)V
Event: 3.952 Thread 0x000001bf78612000 DEOPT PACKING pc=0x000001bf102d882c sp=0x000000bb9a3fc330
Event: 3.952 Thread 0x000001bf78612000 DEOPT UNPACKING pc=0x000001bf0871912f sp=0x000000bb9a3fc328 mode 2
Event: 3.975 Thread 0x000001bf78612000 DEOPT PACKING pc=0x000001bf09000c98 sp=0x000000bb9a3fef90
Event: 3.975 Thread 0x000001bf78612000 DEOPT UNPACKING pc=0x000001bf0871964e sp=0x000000bb9a3fe4b0 mode 0
Event: 3.979 Thread 0x000001bf78612000 DEOPT PACKING pc=0x000001bf09000c98 sp=0x000000bb9a3fef90
Event: 3.979 Thread 0x000001bf78612000 DEOPT UNPACKING pc=0x000001bf0871964e sp=0x000000bb9a3fe4b0 mode 0
Event: 3.985 Thread 0x000001bf78612000 Uncommon trap: trap_request=0xffffff5c fr.pc=0x000001bf102fe304 relative=0x0000000000000064
Event: 3.985 Thread 0x000001bf78612000 Uncommon trap: reason=speculate_null_check action=make_not_entrant pc=0x000001bf102fe304 method=sun.misc.Unsafe.getLong(Ljava/lang/Object;J)J @ 5 c2
Event: 3.985 Thread 0x000001bf78612000 DEOPT PACKING pc=0x000001bf102fe304 sp=0x000000bb9a3ff030
Event: 3.985 Thread 0x000001bf78612000 DEOPT UNPACKING pc=0x000001bf0871912f sp=0x000000bb9a3fefa8 mode 2

Classes unloaded (0 events):
No events

Classes redefined (0 events):
No events

Internal exceptions (17 events):
Event: 0.957 Thread 0x000001bf78612000 Exception <a 'java/lang/NoSuchMethodError'{0x0000000710a30770}: 'void java.lang.invoke.DirectMethodHandle$Holder.invokeStatic(java.lang.Object, java.lang.Object, java.lang.Object, java.lang.Object)'> (0x0000000710a30770) 
thrown [./open/src/hotspot/share/interpreter/linkResolver.cpp, line 766]
Event: 1.038 Thread 0x000001bf78612000 Exception <a 'java/lang/NoSuchMethodError'{0x000000070fb6c210}: 'int java.lang.invoke.DirectMethodHandle$Holder.invokeSpecialIFC(java.lang.Object, java.lang.Object, int)'> (0x000000070fb6c210) 
thrown [./open/src/hotspot/share/interpreter/linkResolver.cpp, line 766]
Event: 1.148 Thread 0x000001bf78612000 Exception <a 'java/lang/NoSuchMethodError'{0x000000070fb58bf0}: 'java.lang.Object java.lang.invoke.Invokers$Holder.invoke_MT(java.lang.Object, java.lang.Object, java.lang.Object, java.lang.Object, java.lang.Object)'> (0x000000070fb58bf0) 
thrown [./open/src/hotspot/share/interpreter/linkResolver.cpp, line 766]
Event: 1.324 Thread 0x000001bf78612000 Exception <a 'java/lang/NoSuchMethodError'{0x000000070f2e1d20}: 'void java.lang.invoke.DelegatingMethodHandle$Holder.delegate(java.lang.Object, java.lang.Object, int, java.lang.Object)'> (0x000000070f2e1d20) 
thrown [./open/src/hotspot/share/interpreter/linkResolver.cpp, line 766]
Event: 1.326 Thread 0x000001bf78612000 Exception <a 'java/lang/NoSuchMethodError'{0x000000070f2e88f8}: 'java.lang.Object java.lang.invoke.DirectMethodHandle$Holder.invokeStaticInit(java.lang.Object, java.lang.Object, java.lang.Object)'> (0x000000070f2e88f8) 
thrown [./open/src/hotspot/share/interpreter/linkResolver.cpp, line 766]
Event: 1.381 Thread 0x000001bf78612000 Exception <a 'sun/nio/fs/WindowsException'{0x000000070f0a88d0}> (0x000000070f0a88d0) 
thrown [./open/src/hotspot/share/prims/jni.cpp, line 599]
Event: 1.381 Thread 0x000001bf78612000 Exception <a 'sun/nio/fs/WindowsException'{0x000000070f0a9f18}> (0x000000070f0a9f18) 
thrown [./open/src/hotspot/share/prims/jni.cpp, line 599]
Event: 1.392 Thread 0x000001bf78612000 Exception <a 'java/lang/NoSuchMethodError'{0x000000070ef0a220}: 'java.lang.Object java.lang.invoke.DirectMethodHandle$Holder.invokeStaticInit(java.lang.Object, java.lang.Object, java.lang.Object, java.lang.Object)'> (0x000000070ef0a220) 
thrown [./open/src/hotspot/share/interpreter/linkResolver.cpp, line 766]
Event: 1.482 Thread 0x000001bf78612000 Exception <a 'sun/nio/fs/WindowsException'{0x000000070eb68378}> (0x000000070eb68378) 
thrown [./open/src/hotspot/share/prims/jni.cpp, line 599]
Event: 1.482 Thread 0x000001bf78612000 Exception <a 'sun/nio/fs/WindowsException'{0x000000070eb68730}> (0x000000070eb68730) 
thrown [./open/src/hotspot/share/prims/jni.cpp, line 599]
Event: 1.591 Thread 0x000001bf78612000 Exception <a 'sun/nio/fs/WindowsException'{0x000000070e50f4f8}> (0x000000070e50f4f8) 
thrown [./open/src/hotspot/share/prims/jni.cpp, line 599]
Event: 1.591 Thread 0x000001bf78612000 Exception <a 'sun/nio/fs/WindowsException'{0x000000070e50f880}> (0x000000070e50f880) 
thrown [./open/src/hotspot/share/prims/jni.cpp, line 599]
Event: 2.842 Thread 0x000001bf78612000 Exception <a 'sun/nio/fs/WindowsException'{0x000000070e2c36a8}> (0x000000070e2c36a8) 
thrown [./open/src/hotspot/share/prims/jni.cpp, line 599]
Event: 2.842 Thread 0x000001bf78612000 Exception <a 'sun/nio/fs/WindowsException'{0x000000070e2c3a68}> (0x000000070e2c3a68) 
thrown [./open/src/hotspot/share/prims/jni.cpp, line 599]
Event: 2.849 Thread 0x000001bf78612000 Exception <a 'sun/nio/fs/WindowsException'{0x000000070e01b018}> (0x000000070e01b018) 
thrown [./open/src/hotspot/share/prims/jni.cpp, line 599]
Event: 2.849 Thread 0x000001bf78612000 Exception <a 'sun/nio/fs/WindowsException'{0x000000070e01b318}> (0x000000070e01b318) 
thrown [./open/src/hotspot/share/prims/jni.cpp, line 599]
Event: 3.919 Thread 0x000001bf78612000 Exception <a 'java/lang/NoSuchMethodError'{0x0000000710c2aee0}: 'void java.lang.invoke.DirectMethodHandle$Holder.invokeStatic(java.lang.Object, long, int, int)'> (0x0000000710c2aee0) 
thrown [./open/src/hotspot/share/interpreter/linkResolver.cpp, line 766]

Events (20 events):
Event: 2.777 Executing VM operation: HandshakeOneThread
Event: 2.777 Executing VM operation: HandshakeOneThread done
Event: 2.845 Loaded shared library C:\Users\DasNasu\AppData\Local\Temp\lwjglDasNasu\3.2.3-build-13\lwjgl_opengl.dll
Event: 3.020 Loaded shared library C:\Users\DasNasu\AppData\Local\Temp\lwjglDasNasu\3.2.3-build-13\lwjgl.dll
Event: 3.065 Loaded shared library C:\Users\DasNasu\AppData\Local\Temp\lwjglDasNasu\3.2.3-build-13\lwjgl.dll
Event: 3.077 Loaded shared library C:\Users\DasNasu\AppData\Local\Temp\lwjglDasNasu\3.2.3-build-13\lwjgl.dll
Event: 3.127 Thread 0x000001bf1c369800 Thread exited: 0x000001bf1c369800
Event: 3.183 Thread 0x000001bf1c36a800 Thread added: 0x000001bf1c36a800
Event: 3.787 loading class jdk/internal/reflect/UnsafeQualifiedLongFieldAccessorImpl
Event: 3.787 loading class jdk/internal/reflect/UnsafeQualifiedFieldAccessorImpl
Event: 3.787 loading class jdk/internal/reflect/UnsafeQualifiedFieldAccessorImpl done
Event: 3.787 loading class jdk/internal/reflect/UnsafeQualifiedLongFieldAccessorImpl done
Event: 3.877 Executing VM operation: G1CollectForAllocation
Event: 3.880 Executing VM operation: G1CollectForAllocation done
Event: 3.937 loading class sun/net/ProgressMonitor
Event: 3.937 loading class sun/net/ProgressMonitor done
Event: 3.937 loading class sun/net/DefaultProgressMeteringPolicy
Event: 3.937 loading class sun/net/ProgressMeteringPolicy
Event: 3.937 loading class sun/net/ProgressMeteringPolicy done
Event: 3.937 loading class sun/net/DefaultProgressMeteringPolicy done


Dynamic libraries:
0x00007ff70abd0000 - 0x00007ff70abdf000 	C:\Program Files\Java\jdk-14.0.1\bin\javaw.exe
0x00007ffd48390000 - 0x00007ffd48571000 	C:\WINDOWS\SYSTEM32\ntdll.dll
0x00007ffd0f4f0000 - 0x00007ffd0f503000 	C:\Program Files\AVAST Software\Avast\aswhook.dll
0x00007ffd46470000 - 0x00007ffd46521000 	C:\WINDOWS\System32\KERNEL32.DLL
0x00007ffd45590000 - 0x00007ffd45803000 	C:\WINDOWS\System32\KERNELBASE.dll
0x00007ffd44910000 - 0x00007ffd44a08000 	C:\WINDOWS\System32\ucrtbase.dll
0x00007ffd30800000 - 0x00007ffd30818000 	C:\Program Files\Java\jdk-14.0.1\bin\jli.dll
0x00007ffd47db0000 - 0x00007ffd47e51000 	C:\WINDOWS\System32\ADVAPI32.dll
0x00007ffd46610000 - 0x00007ffd466ae000 	C:\WINDOWS\System32\msvcrt.dll
0x00007ffd47d50000 - 0x00007ffd47dab000 	C:\WINDOWS\System32\sechost.dll
0x00007ffd481d0000 - 0x00007ffd482f4000 	C:\WINDOWS\System32\RPCRT4.dll
0x00007ffd47f00000 - 0x00007ffd48090000 	C:\WINDOWS\System32\USER32.dll
0x00007ffd448f0000 - 0x00007ffd44910000 	C:\WINDOWS\System32\win32u.dll
0x00007ffd46110000 - 0x00007ffd46138000 	C:\WINDOWS\System32\GDI32.dll
0x00007ffd44750000 - 0x00007ffd448e1000 	C:\WINDOWS\System32\gdi32full.dll
0x00007ffd45440000 - 0x00007ffd454df000 	C:\WINDOWS\System32\msvcp_win.dll
0x00007ffd301a0000 - 0x00007ffd301b5000 	C:\Program Files\Java\jdk-14.0.1\bin\VCRUNTIME140.dll
0x00007ffd36140000 - 0x00007ffd363a9000 	C:\WINDOWS\WinSxS\amd64_microsoft.windows.common-controls_6595b64144ccf1df_6.0.17134.1246_none_d3ffb9d77c90723d\COMCTL32.dll
0x00007ffd46140000 - 0x00007ffd46461000 	C:\WINDOWS\System32\combase.dll
0x00007ffd44a10000 - 0x00007ffd44a89000 	C:\WINDOWS\System32\bcryptPrimitives.dll
0x00007ffd3f020000 - 0x00007ffd3f02a000 	C:\WINDOWS\SYSTEM32\VERSION.dll
0x00007ffd47e60000 - 0x00007ffd47e8d000 	C:\WINDOWS\System32\IMM32.DLL
0x00007ffd0b0d0000 - 0x00007ffd0b16b000 	C:\Program Files\Java\jdk-14.0.1\bin\msvcp140.dll
0x00007ffcd5d80000 - 0x00007ffcd689e000 	C:\Program Files\Java\jdk-14.0.1\bin\server\jvm.dll
0x00007ffd45970000 - 0x00007ffd45978000 	C:\WINDOWS\System32\PSAPI.DLL
0x00007ffd33cd0000 - 0x00007ffd33cd9000 	C:\WINDOWS\SYSTEM32\WSOCK32.dll
0x00007ffd48160000 - 0x00007ffd481cc000 	C:\WINDOWS\System32\WS2_32.dll
0x00007ffd3d220000 - 0x00007ffd3d243000 	C:\WINDOWS\SYSTEM32\WINMM.dll
0x00007ffd3d1f0000 - 0x00007ffd3d21a000 	C:\WINDOWS\SYSTEM32\WINMMBASE.dll
0x00007ffd45540000 - 0x00007ffd45589000 	C:\WINDOWS\System32\cfgmgr32.dll
0x00007ffd446e0000 - 0x00007ffd446f1000 	C:\WINDOWS\System32\kernel.appcore.dll
0x00007ffd42950000 - 0x00007ffd4295a000 	C:\Program Files\Java\jdk-14.0.1\bin\jimage.dll
0x00007ffd3e340000 - 0x00007ffd3e509000 	C:\WINDOWS\SYSTEM32\DBGHELP.DLL
0x00007ffd3de80000 - 0x00007ffd3dea9000 	C:\WINDOWS\SYSTEM32\dbgcore.DLL
0x00007ffd35d00000 - 0x00007ffd35d0e000 	C:\Program Files\Java\jdk-14.0.1\bin\instrument.dll
0x00007ffd2eff0000 - 0x00007ffd2f015000 	C:\Program Files\Java\jdk-14.0.1\bin\java.dll
0x00007ffd2e350000 - 0x00007ffd2e366000 	C:\Program Files\Java\jdk-14.0.1\bin\zip.dll
0x00007ffd46900000 - 0x00007ffd47d45000 	C:\WINDOWS\System32\SHELL32.dll
0x00007ffd45ec0000 - 0x00007ffd45f69000 	C:\WINDOWS\System32\shcore.dll
0x00007ffd44b40000 - 0x00007ffd45250000 	C:\WINDOWS\System32\windows.storage.dll
0x00007ffd47ea0000 - 0x00007ffd47ef1000 	C:\WINDOWS\System32\shlwapi.dll
0x00007ffd44710000 - 0x00007ffd4472f000 	C:\WINDOWS\System32\profapi.dll
0x00007ffd44690000 - 0x00007ffd446dc000 	C:\WINDOWS\System32\powrprof.dll
0x00007ffd44700000 - 0x00007ffd4470a000 	C:\WINDOWS\System32\FLTLIB.DLL
0x00007ffd2b2e0000 - 0x00007ffd2b2f9000 	C:\Program Files\Java\jdk-14.0.1\bin\net.dll
0x00007ffd40090000 - 0x00007ffd4016d000 	C:\WINDOWS\SYSTEM32\WINHTTP.dll
0x00007ffd43f10000 - 0x00007ffd43f76000 	C:\WINDOWS\system32\mswsock.dll
0x00007ffd2b2c0000 - 0x00007ffd2b2d2000 	C:\Program Files\Java\jdk-14.0.1\bin\nio.dll
0x00007ffd355d0000 - 0x00007ffd355e0000 	C:\Program Files\Java\jdk-14.0.1\bin\verify.dll
0x00007ffd2e570000 - 0x00007ffd2e586000 	C:\WINDOWS\system32\napinsp.dll
0x00007ffd2e590000 - 0x00007ffd2e5aa000 	C:\WINDOWS\system32\pnrpnsp.dll
0x00007ffd42760000 - 0x00007ffd42779000 	C:\WINDOWS\system32\NLAapi.dll
0x00007ffd43ca0000 - 0x00007ffd43d5e000 	C:\WINDOWS\SYSTEM32\DNSAPI.dll
0x00007ffd47e90000 - 0x00007ffd47e98000 	C:\WINDOWS\System32\NSI.dll
0x00007ffd43c60000 - 0x00007ffd43c98000 	C:\WINDOWS\SYSTEM32\IPHLPAPI.DLL
0x00007ffd30ef0000 - 0x00007ffd30efe000 	C:\WINDOWS\System32\winrnr.dll
0x00007ffd3d3d0000 - 0x00007ffd3d3da000 	C:\Windows\System32\rasadhlp.dll
0x00007ffd3eb80000 - 0x00007ffd3ebf2000 	C:\WINDOWS\System32\fwpuclnt.dll
0x00007ffd441f0000 - 0x00007ffd44215000 	C:\WINDOWS\SYSTEM32\bcrypt.dll
0x00007ffd3f240000 - 0x00007ffd3f256000 	C:\WINDOWS\SYSTEM32\dhcpcsvc6.DLL
0x00007ffd3f210000 - 0x00007ffd3f22a000 	C:\WINDOWS\SYSTEM32\dhcpcsvc.DLL
0x00007ffd0d0c0000 - 0x00007ffd0d124000 	C:\Users\DasNasu\AppData\Local\Temp\lwjglDasNasu\3.2.3-build-13\lwjgl.dll
0x00007ffd03230000 - 0x00007ffd03483000 	C:\Users\DasNasu\AppData\Local\Temp\lwjglDasNasu\3.2.3-build-13\jemalloc.dll
0x00007ffd08e00000 - 0x00007ffd08e62000 	C:\Users\DasNasu\AppData\Local\Temp\lwjglDasNasu\3.2.3-build-13\glfw.dll
0x00007ffd42b50000 - 0x00007ffd42be8000 	C:\WINDOWS\system32\uxtheme.dll
0x00007ffd1fcc0000 - 0x00007ffd1fd03000 	C:\WINDOWS\SYSTEM32\dinput8.dll
0x00007ffd34600000 - 0x00007ffd34610000 	C:\WINDOWS\SYSTEM32\xinput1_4.dll
0x00007ffd444a0000 - 0x00007ffd444c7000 	C:\WINDOWS\SYSTEM32\DEVOBJ.dll
0x00007ffd42de0000 - 0x00007ffd42e09000 	C:\WINDOWS\SYSTEM32\dwmapi.dll
0x00007ffd466e0000 - 0x00007ffd46854000 	C:\WINDOWS\System32\MSCTF.dll
0x00007ffd48090000 - 0x00007ffd48152000 	C:\WINDOWS\System32\OLEAUT32.dll
0x00007ffd437f0000 - 0x00007ffd437fc000 	C:\WINDOWS\SYSTEM32\HID.DLL
0x00007ffd45a70000 - 0x00007ffd45ebb000 	C:\WINDOWS\System32\SETUPAPI.DLL
0x00007ffd454e0000 - 0x00007ffd45537000 	C:\WINDOWS\System32\WINTRUST.dll
0x00007ffd44730000 - 0x00007ffd44742000 	C:\WINDOWS\System32\MSASN1.dll
0x00007ffd45250000 - 0x00007ffd45432000 	C:\WINDOWS\System32\CRYPT32.dll
0x00007ffd3c3a0000 - 0x00007ffd3c419000 	C:\WINDOWS\SYSTEM32\inputhost.dll
0x00007ffd42210000 - 0x00007ffd422ea000 	C:\WINDOWS\SYSTEM32\CoreMessaging.dll
0x00007ffd3fb40000 - 0x00007ffd3fc8d000 	C:\WINDOWS\SYSTEM32\wintypes.dll
0x00007ffd3bdc0000 - 0x00007ffd3c0de000 	C:\WINDOWS\SYSTEM32\CoreUIComponents.dll
0x00007ffd43720000 - 0x00007ffd43751000 	C:\WINDOWS\SYSTEM32\ntmarta.dll
0x00007ffd29180000 - 0x00007ffd292a0000 	C:\WINDOWS\SYSTEM32\opengl32.dll
0x00007ffd29150000 - 0x00007ffd2917c000 	C:\WINDOWS\SYSTEM32\GLU32.dll
0x00007ffcd3650000 - 0x00007ffcd5d74000 	C:\WINDOWS\System32\DriverStore\FileRepository\nv_dispi.inf_amd64_55e7fb10ab85a7c2\nvoglv64.dll
0x00007ffd45810000 - 0x00007ffd45961000 	C:\WINDOWS\System32\ole32.dll
0x00007ffd3fe40000 - 0x00007ffd3fe53000 	C:\WINDOWS\SYSTEM32\WTSAPI32.dll
0x00007ffd0b170000 - 0x00007ffd0b427000 	C:\WINDOWS\system32\nvspcap64.dll
0x00007ffd43790000 - 0x00007ffd437e6000 	C:\WINDOWS\SYSTEM32\WINSTA.dll
0x00007ffd3c0e0000 - 0x00007ffd3c176000 	C:\WINDOWS\System32\TextInputFramework.dll
0x00007ffd0f510000 - 0x00007ffd0f569000 	C:\Users\DasNasu\AppData\Local\Temp\lwjglDasNasu\3.2.3-build-13\lwjgl_opengl.dll

dbghelp: loaded successfully - version: 4.0.5 - missing functions: none
symbol engine: initialized successfully - sym options: 0x614 - pdb path: .;C:\Program Files\Java\jdk-14.0.1\bin;C:\WINDOWS\SYSTEM32;C:\Program Files\AVAST Software\Avast;C:\WINDOWS\WinSxS\amd64_microsoft.windows.common-controls_6595b64144ccf1df_6.0.17134.1246_none_d3ffb9d77c90723d;C:\Program Files\Java\jdk-14.0.1\bin\server;C:\Users\DasNasu\AppData\Local\Temp\lwjglDasNasu\3.2.3-build-13;C:\WINDOWS\System32\DriverStore\FileRepository\nv_dispi.inf_amd64_55e7fb10ab85a7c2

VM Arguments:
jvm_args: -javaagent:C:\Users\DasNasu\java-2020-03\eclipse\configuration\org.eclipse.osgi\452\0\.cp\jacocoagent.jar=includes=*,excludes=,exclclassloader=sun.reflect.DelegatingClassLoader,output=tcpclient,port=56844 -Dfile.encoding=UTF-8 
java_command: dev.bitbite.illustratio.Illustratio
java_class_path (initial): X:\Projects\Projects\Java\TowerDefenseEvolutions\Illustratio\bin;X:\Projects\Projects\Java\lwjgl3\lwjgl\lwjgl.jar;X:\Projects\Projects\Java\lwjgl3\lwjgl\lwjgl-natives-linux.jar;X:\Projects\Projects\Java\lwjgl3\lwjgl\lwjgl-natives-linux-arm32.jar;X:\Projects\Projects\Java\lwjgl3\lwjgl\lwjgl-natives-linux-arm64.jar;X:\Projects\Projects\Java\lwjgl3\lwjgl\lwjgl-natives-macos.jar;X:\Projects\Projects\Java\lwjgl3\lwjgl\lwjgl-natives-windows.jar;X:\Projects\Projects\Java\lwjgl3\lwjgl\lwjgl-natives-windows-x86.jar;X:\Projects\Projects\Java\lwjgl3\lwjgl-assimp\lwjgl-assimp.jar;X:\Projects\Projects\Java\lwjgl3\lwjgl-assimp\lwjgl-assimp-natives-linux.jar;X:\Projects\Projects\Java\lwjgl3\lwjgl-assimp\lwjgl-assimp-natives-linux-arm32.jar;X:\Projects\Projects\Java\lwjgl3\lwjgl-assimp\lwjgl-assimp-natives-linux-arm64.jar;X:\Projects\Projects\Java\lwjgl3\lwjgl-assimp\lwjgl-assimp-natives-macos.jar;X:\Projects\Projects\Java\lwjgl3\lwjgl-assimp\lwjgl-assimp-natives-windows.jar;X:\Projects\Projects\Java\lwjgl3\lwjgl-assimp\lwjgl-assimp-natives-windows-x86.jar;X:\Projects\Projects\Java\lwjgl3\lwjgl-bgfx\lwjgl-bgfx.jar;X:\Projects\Projects\Java\lwjgl3\lwjgl-bgfx\lwjgl-bgfx-natives-linux.jar;X:\Projects\Projects\Java\lwjgl3\lwjgl-bgfx\lwjgl-bgfx-natives-linux-arm32.jar;X:\Projects\Projects\Java\lwjgl3\lwjgl-bgfx\lwjgl-bgfx-natives-linux-arm64.jar;X:\Projects\Projects\Java\lwjgl3\lwjgl-bgfx\lwjgl-bgfx-natives-macos.jar;X:\Projects\Projects\Java\lwjgl3\lwjgl-bgfx\lwjgl-bgfx-natives-windows.jar;X:\Projects\Projects\Java\lwjgl3\lwjgl-bgfx\lwjgl-bgfx-natives-windows-x86.jar;X:\Projects\Projects\Java\lwjgl3\lwjgl-cuda\lwjgl-cuda.jar;X:\Projects\Projects\Java\lwjgl3\lwjgl-egl\lwjgl-egl.jar;X:\Projects\Projects\Java\lwjgl3\lwjgl-glfw\lwjgl-glfw.jar;X:\Projects\Projects\Java\lwjgl3\lwjgl-glfw\lwjgl-glfw-natives-linux.jar;X:\Projects\Projects\Java\lwjgl3\lwjgl-glfw\lwjgl-glfw-natives-linux-arm32.jar;X:\Projects\Projects\Java\lwjgl3\lwjgl-glfw\lwjgl-glfw-natives-linux-a
Launcher Type: SUN_STANDARD

[Global flags]
     intx CICompilerCount                          = 3                                         {product} {ergonomic}
     uint ConcGCThreads                            = 1                                         {product} {ergonomic}
     uint G1ConcRefinementThreads                  = 4                                         {product} {ergonomic}
   size_t G1HeapRegionSize                         = 1048576                                   {product} {ergonomic}
    uintx GCDrainStackTargetSize                   = 64                                        {product} {ergonomic}
   size_t InitialHeapSize                          = 268435456                                 {product} {ergonomic}
   size_t MarkStackSize                            = 4194304                                   {product} {ergonomic}
   size_t MaxHeapSize                              = 4278190080                                {product} {ergonomic}
   size_t MaxNewSize                               = 2566914048                                {product} {ergonomic}
   size_t MinHeapDeltaBytes                        = 1048576                                   {product} {ergonomic}
   size_t MinHeapSize                              = 8388608                                   {product} {ergonomic}
    uintx NonNMethodCodeHeapSize                   = 5832780                                {pd product} {ergonomic}
    uintx NonProfiledCodeHeapSize                  = 122912730                              {pd product} {ergonomic}
    uintx ProfiledCodeHeapSize                     = 122912730                              {pd product} {ergonomic}
    uintx ReservedCodeCacheSize                    = 251658240                              {pd product} {ergonomic}
     bool SegmentedCodeCache                       = true                                      {product} {ergonomic}
   size_t SoftMaxHeapSize                          = 4278190080                             {manageable} {ergonomic}
     bool UseCompressedClassPointers               = true                                 {lp64_product} {ergonomic}
     bool UseCompressedOops                        = true                                 {lp64_product} {ergonomic}
     bool UseG1GC                                  = true                                      {product} {ergonomic}
     bool UseLargePagesIndividualAllocation        = false                                  {pd product} {ergonomic}

Logging:
Log output configuration:
 #0: stdout all=warning uptime,level,tags
 #1: stderr all=off uptime,level,tags

Environment Variables:
PATH=C:/Program Files/Java/jre1.8.0_251/bin/server;C:/Program Files/Java/jre1.8.0_251/bin;C:/Program Files/Java/jre1.8.0_251/lib/amd64;C:\Program Files (x86)\Common Files\Oracle\Java\javapath;C:\Program Files\Python36\Scripts\;C:\Program Files\Python36\;C:\Windows\system32;C:\Windows;C:\Windows\System32\Wbem;C:\Windows\System32\WindowsPowerShell\v1.0\;C:\WINDOWS\system32;C:\WINDOWS;C:\WINDOWS\System32\Wbem;C:\WINDOWS\System32\WindowsPowerShell\v1.0\;C:\WINDOWS\System32\OpenSSH\;C:\Program Files\Microsoft SQL Server\110\Tools\Binn\;C:\Program Files\NVIDIA Corporation\NVIDIA NvDLISR;C:\Program Files\PuTTY\;C:\Program Files\dotnet\;C:\Program Files (x86)\NVIDIA Corporation\PhysX\Common;C:\Program Files\Microsoft SQL Server\130\Tools\Binn\;C:\Program Files\Microsoft SQL Server\Client SDK\ODBC\170\Tools\Binn\;C:\Users\DasNasu\AppData\Local\GitHubDesktop\bin;C:\Users\DasNasu\AppData\Local\Microsoft\WindowsApps;C:\WINDOWS\system32;
USERNAME=DasNasu
OS=Windows_NT
PROCESSOR_IDENTIFIER=Intel64 Family 6 Model 60 Stepping 3, GenuineIntel



---------------  S Y S T E M  ---------------

OS: Windows 10 , 64 bit Build 17134 (10.0.17134.753)
OS uptime: 0 days 6:42 hours

CPU:total 4 (initial active 4) (4 cores per cpu, 1 threads per core) family 6 model 60 stepping 3, cmov, cx8, fxsr, mmx, sse, sse2, sse3, ssse3, sse4.1, sse4.2, popcnt, avx, avx2, aes, clmul, erms, lzcnt, tsc, tscinvbit, bmi1, bmi2, fma

Memory: 4k page, system-wide physical 16314M (5973M free)
TotalPageFile size 16314M (AvailPageFile size 3518M)
current process WorkingSet (physical memory assigned to process): 289M, peak: 289M
current process commit charge ("private bytes"): 450M, peak: 453M

vm_info: Java HotSpot(TM) 64-Bit Server VM (14.0.1+7) for windows-amd64 JRE (14.0.1+7), built on Mar  5 2020 10:30:14 by "mach5one" with MS VC++ 15.9 (VS2017)

END.
