#
# A fatal error has been detected by the Java Runtime Environment:
#
#  EXCEPTION_ACCESS_VIOLATION (0xc0000005) at pc=0x00007ffcd4b290f9, pid=4000, tid=10852
#
# JRE version: Java(TM) SE Runtime Environment (14.0.1+7) (build 14.0.1+7)
# Java VM: Java HotSpot(TM) 64-Bit Server VM (14.0.1+7, mixed mode, sharing, tiered, compressed oops, g1 gc, windows-amd64)
# Problematic frame:
# C  [nvoglv64.dll+0xa490f9]
#
# No core dump will be written. Minidumps are not enabled by default on client versions of Windows
#
# If you would like to submit a bug report, please visit:
#   https://bugreport.java.com/bugreport/crash.jsp
# The crash happened outside the Java Virtual Machine in native code.
# See problematic frame for where to report the bug.
#

---------------  S U M M A R Y ------------

Command Line: -javaagent:C:\Users\DasNasu\java-2020-03\eclipse\configuration\org.eclipse.osgi\452\0\.cp\jacocoagent.jar=includes=*,excludes=,exclclassloader=sun.reflect.DelegatingClassLoader,output=tcpclient,port=56832 -Dfile.encoding=UTF-8 dev.bitbite.illustratio.Illustratio

Host: Intel(R) Core(TM) i5-4570 CPU @ 3.20GHz, 4 cores, 15G,  Windows 10 , 64 bit Build 17134 (10.0.17134.753)
Time: Thu Jul  2 22:25:17 2020 Mitteleuropäische Sommerzeit elapsed time: 4 seconds (0d 0h 0m 4s)

---------------  T H R E A D  ---------------

Current thread (0x000001ec3b4b2000):  JavaThread "main" [_thread_in_native, id=10852, stack(0x0000002ef7700000,0x0000002ef7800000)]

Stack: [0x0000002ef7700000,0x0000002ef7800000],  sp=0x0000002ef77fec80,  free space=1019k
Native frames: (J=compiled Java code, j=interpreted, Vv=VM code, C=native code)
C  [nvoglv64.dll+0xa490f9]

Java frames: (J=compiled Java code, j=interpreted, Vv=VM code)
j  org.lwjgl.opengl.GL11C.nglDrawElements(IIIJ)V+0
j  org.lwjgl.opengl.GL11C.glDrawElements(IIIJ)V+9
j  org.lwjgl.opengl.GL11.glDrawElements(IIIJ)V+9
j  dev.bitbite.illustratio.Renderer.render(Ldev/bitbite/illustratio/ObjectMesh;)V+67
j  dev.bitbite.illustratio.Illustratio.run()V+339
j  dev.bitbite.illustratio.Illustratio.<init>(ILjava/lang/String;II)V+95
j  dev.bitbite.illustratio.Illustratio.main([Ljava/lang/String;)V+18
v  ~StubRoutines::call_stub

siginfo: EXCEPTION_ACCESS_VIOLATION (0xc0000005), reading address 0x0000000000000000


Register to memory mapping:

RIP=0x00007ffcd4b290f9 nvoglv64.dll
RAX=0x000000059ad0b68b is an unknown value
RBX=0x0 is NULL
RCX=0x000000000000000a is an unknown value
RDX=0x000045ed65a68b39 is an unknown value
RSP=0x0000002ef77fec80 is pointing into the stack for thread: 0x000001ec3b4b2000
RBP=0x0000002ef77fee48 is pointing into the stack for thread: 0x000001ec3b4b2000
RSI=0x0000000000000006 is an unknown value
RDI=0x0000000000000001 is an unknown value
R8 =0x000000000000239e is an unknown value
R9 =0x0 is NULL
R10=0x0000000000000003 is an unknown value
R11=0x0000000710b306b8 is an oop: java.lang.Class 
{0x0000000710b306b8} - klass: 'java/lang/Class'
R12=0x0000000000001405 is an unknown value
R13=0x000001ec64849e88 points into unknown readable memory: 04 00 00 00 00 00 00 00
R14=0x0 is NULL
R15=0x000001ec64849080 points into unknown readable memory: 00 00 00 00 00 00 00 00


Registers:
RAX=0x000000059ad0b68b, RBX=0x0000000000000000, RCX=0x000000000000000a, RDX=0x000045ed65a68b39
RSP=0x0000002ef77fec80, RBP=0x0000002ef77fee48, RSI=0x0000000000000006, RDI=0x0000000000000001
R8 =0x000000000000239e, R9 =0x0000000000000000, R10=0x0000000000000003, R11=0x0000000710b306b8
R12=0x0000000000001405, R13=0x000001ec64849e88, R14=0x0000000000000000, R15=0x000001ec64849080
RIP=0x00007ffcd4b290f9, EFLAGS=0x0000000000010246

Top of Stack: (sp=0x0000002ef77fec80)
0x0000002ef77fec80:   0000000000000000 0000000000000000
0x0000002ef77fec90:   000001ec3b4b2400 0000000000000000
0x0000002ef77feca0:   00007ffcd706cf58 000001ec5f81bf00
0x0000002ef77fecb0:   000000053b4b2000 0000002ef77fef98
0x0000002ef77fecc0:   000001ec646bc8a0 000001ec3b4b2000
0x0000002ef77fecd0:   0000000200000005 000001ec3b4b2000
0x0000002ef77fece0:   0000000000000000 0000000000001405
0x0000002ef77fecf0:   0000000000000004 000001ec64849080
0x0000002ef77fed00:   0000000000000006 0000002ef77fee48
0x0000002ef77fed10:   0000000000000000 00007ffcd47a4176
0x0000002ef77fed20:   000001ec3b4b2000 0000002e00000004
0x0000002ef77fed30:   0000002e00000000 00007ffc00000000
0x0000002ef77fed40:   0000002e00000006 000001ec00000018
0x0000002ef77fed50:   0000000000000000 000001ec00000000
0x0000002ef77fed60:   000001ec646bc800 000001ec3b4b2000
0x0000002ef77fed70:   000001ec43c3a1b3 000001ec43c3f260 

Instructions: (pc=0x00007ffcd4b290f9)
0x00007ffcd4b28ff9:   18 89 54 24 10 53 55 56 57 41 54 41 55 41 56 41
0x00007ffcd4b29009:   57 48 83 ec 58 4c 8b a9 38 03 00 00 4c 8b f9 44
0x00007ffcd4b29019:   8b a4 24 c8 00 00 00 41 8b cc 8b b4 24 c0 00 00
0x00007ffcd4b29029:   00 8b d6 48 8b 9c 24 d0 00 00 00 45 8b 55 14 41
0x00007ffcd4b29039:   8b 45 18 41 f7 d2 45 23 55 0c 41 0b c2 d1 e9 83
0x00007ffcd4b29049:   e1 03 f7 d0 41 23 45 10 d3 e2 41 80 7d 1e 00 89
0x00007ffcd4b29059:   94 24 c8 00 00 00 0f 85 52 08 00 00 41 80 bf 8c
0x00007ffcd4b29069:   ec 55 00 00 0f 85 44 08 00 00 85 f6 0f 8e 3c 08
0x00007ffcd4b29079:   00 00 41 3b 97 a8 ee 55 00 0f 8f 2f 08 00 00 41
0x00007ffcd4b29089:   83 7d 08 00 0f 85 24 08 00 00 41 80 7d 1d 00 0f
0x00007ffcd4b29099:   85 19 08 00 00 41 80 7d 1c 00 0f 85 0e 08 00 00
0x00007ffcd4b290a9:   41 80 bf 95 38 55 00 00 0f 85 00 08 00 00 41 80
0x00007ffcd4b290b9:   bf 9c 38 55 00 00 0f 85 f2 07 00 00 a9 00 00 03
0x00007ffcd4b290c9:   00 0f 85 e7 07 00 00 44 0b d0 45 85 55 20 0f 85
0x00007ffcd4b290d9:   da 07 00 00 bf 01 00 00 00 49 8d 8f 00 f0 55 00
0x00007ffcd4b290e9:   8b d7 e8 10 f7 e6 ff 41 81 fc 05 14 00 00 75 21
0x00007ffcd4b290f9:   8b 0b 8d 6e ff 48 63 c5 48 89 84 24 a0 00 00 00
0x00007ffcd4b29109:   8b 04 83 3b c8 44 8b f0 44 0f 47 f1 0f 42 c1 eb
0x00007ffcd4b29119:   6e 41 81 fc 03 14 00 00 75 2c 0f b7 13 8d 6e ff
0x00007ffcd4b29129:   48 63 c5 48 89 84 24 a0 00 00 00 0f b7 0c 43 0f
0x00007ffcd4b29139:   b7 c1 66 3b d1 66 0f 47 c2 66 0f 42 ca 44 0f b7
0x00007ffcd4b29149:   f0 0f b7 c1 eb 39 41 81 fc 01 14 00 00 0f 85 5b
0x00007ffcd4b29159:   07 00 00 44 0f b6 03 8d 6e ff 48 63 c5 48 89 84
0x00007ffcd4b29169:   24 a0 00 00 00 0f b6 14 18 44 3a c2 8b ca 41 0f
0x00007ffcd4b29179:   47 c8 44 0f b6 f1 8b ca 41 0f 42 c8 0f b6 c1 49
0x00007ffcd4b29189:   8b cd 44 2b f0 e8 2d 0b 00 00 45 8b 55 78 41 8b
0x00007ffcd4b29199:   c2 41 0f af c6 41 3b 87 ac ee 55 00 0f 8f 0c 07
0x00007ffcd4b291a9:   00 00 41 81 fc 05 14 00 00 0f 85 0f 01 00 00 44
0x00007ffcd4b291b9:   8b 0b 45 8b f1 48 8d 53 04 3b f7 0f 8e 83 03 00
0x00007ffcd4b291c9:   00 83 fd 08 0f 82 b1 00 00 00 83 3d 06 d0 ab 01
0x00007ffcd4b291d9:   02 0f 8c a4 00 00 00 81 e5 07 00 00 80 7d 07 ff
0x00007ffcd4b291e9:   cd 83 cd f8 ff c5 66 41 0f 6e c9 8b c6 66 0f 70 


Stack slot to memory mapping:
stack at sp + 0 slots: 0x0 is NULL
stack at sp + 1 slots: 0x0 is NULL
stack at sp + 2 slots: 0x000001ec3b4b2400 points into unknown readable memory: 00 00 00 00 00 00 00 00
stack at sp + 3 slots: 0x0 is NULL
stack at sp + 4 slots: 0x00007ffcd706cf58 jvm.dll
stack at sp + 5 slots: 0x000001ec5f81bf00 points into unknown readable memory: 34 00 07 00 4b 7f 28 49
stack at sp + 6 slots: 0x000000053b4b2000 is an unknown value
stack at sp + 7 slots: 0x0000002ef77fef98 is pointing into the stack for thread: 0x000001ec3b4b2000


---------------  P R O C E S S  ---------------

Threads class SMR info:
_java_thread_list=0x000001ec60c03cc0, length=13, elements={
0x000001ec3b4b2000, 0x000001ec5e69c800, 0x000001ec5e69d800, 0x000001ec5e6b4800,
0x000001ec5e6b8000, 0x000001ec5e6b9000, 0x000001ec5e6ba000, 0x000001ec5f1f1000,
0x000001ec5f236000, 0x000001ec5f44e000, 0x000001ec5fef6000, 0x000001ec60148800,
0x000001ec5fd4f000
}

Java Threads: ( => current thread )
=>0x000001ec3b4b2000 JavaThread "main" [_thread_in_native, id=10852, stack(0x0000002ef7700000,0x0000002ef7800000)]
  0x000001ec5e69c800 JavaThread "Reference Handler" daemon [_thread_blocked, id=4608, stack(0x0000002ef7e00000,0x0000002ef7f00000)]
  0x000001ec5e69d800 JavaThread "Finalizer" daemon [_thread_blocked, id=6972, stack(0x0000002ef7f00000,0x0000002ef8000000)]
  0x000001ec5e6b4800 JavaThread "Signal Dispatcher" daemon [_thread_blocked, id=9880, stack(0x0000002ef8000000,0x0000002ef8100000)]
  0x000001ec5e6b8000 JavaThread "Attach Listener" daemon [_thread_blocked, id=5712, stack(0x0000002ef8100000,0x0000002ef8200000)]
  0x000001ec5e6b9000 JavaThread "Service Thread" daemon [_thread_blocked, id=12376, stack(0x0000002ef8200000,0x0000002ef8300000)]
  0x000001ec5e6ba000 JavaThread "C2 CompilerThread0" daemon [_thread_blocked, id=15352, stack(0x0000002ef8300000,0x0000002ef8400000)]
  0x000001ec5f1f1000 JavaThread "C1 CompilerThread0" daemon [_thread_blocked, id=3552, stack(0x0000002ef8400000,0x0000002ef8500000)]
  0x000001ec5f236000 JavaThread "Sweeper thread" daemon [_thread_blocked, id=15252, stack(0x0000002ef8500000,0x0000002ef8600000)]
  0x000001ec5f44e000 JavaThread "Common-Cleaner" daemon [_thread_blocked, id=8476, stack(0x0000002ef8600000,0x0000002ef8700000)]
  0x000001ec5fef6000 JavaThread "org.jacoco.agent.rt.internal_43f5073.output.TcpClientOutput" daemon [_thread_in_native, id=12620, stack(0x0000002ef8b00000,0x0000002ef8c00000)]
  0x000001ec60148800 JavaThread "Notification Thread" daemon [_thread_blocked, id=2196, stack(0x0000002ef8c00000,0x0000002ef8d00000)]
  0x000001ec5fd4f000 JavaThread "C2 CompilerThread1" daemon [_thread_blocked, id=312, stack(0x0000002ef8a00000,0x0000002ef8b00000)]

Other Threads:
  0x000001ec5e698800 VMThread "VM Thread" [stack: 0x0000002ef7d00000,0x0000002ef7e00000] [id=14296]
  0x000001ec601e8800 WatcherThread [stack: 0x0000002ef8d00000,0x0000002ef8e00000] [id=5996]
  0x000001ec3b512800 GCTaskThread "GC Thread#0" [stack: 0x0000002ef7800000,0x0000002ef7900000] [id=1804]
  0x000001ec5fbd3800 GCTaskThread "GC Thread#1" [stack: 0x0000002ef8700000,0x0000002ef8800000] [id=6488]
  0x000001ec5ffba800 GCTaskThread "GC Thread#2" [stack: 0x0000002ef8800000,0x0000002ef8900000] [id=14852]
  0x000001ec5ffbb000 GCTaskThread "GC Thread#3" [stack: 0x0000002ef8900000,0x0000002ef8a00000] [id=12388]
  0x000001ec3b537000 ConcurrentGCThread "G1 Main Marker" [stack: 0x0000002ef7900000,0x0000002ef7a00000] [id=8896]
  0x000001ec3b538000 ConcurrentGCThread "G1 Conc#0" [stack: 0x0000002ef7a00000,0x0000002ef7b00000] [id=13848]
  0x000001ec5e5db800 ConcurrentGCThread "G1 Refine#0" [stack: 0x0000002ef7b00000,0x0000002ef7c00000] [id=9104]
  0x000001ec5e5e1800 ConcurrentGCThread "G1 Young RemSet Sampling" [stack: 0x0000002ef7c00000,0x0000002ef7d00000] [id=9992]

Threads with active compile tasks:

VM state:not at safepoint (normal execution)

VM Mutex/Monitor currently owned by a thread: None

Heap address: 0x0000000701000000, size: 4080 MB, Compressed Oops mode: Zero based, Oop shift amount: 3
Narrow klass base: 0x0000000800000000, Narrow klass shift: 3
Compressed class space size: 1073741824 Address: 0x0000000800b30000

Heap:
 garbage-first heap   total 262144K, used 12212K [0x0000000701000000, 0x0000000800000000)
  region size 1024K, 11 young (11264K), 3 survivors (3072K)
 Metaspace       used 10612K, capacity 10895K, committed 11008K, reserved 1058816K
  class space    used 692K, capacity 741K, committed 768K, reserved 1048576K
Heap Regions: E=young(eden), S=young(survivor), O=old, HS=humongous(starts), HC=humongous(continues), CS=collection set, F=free, OA=open archive, CA=closed archive, TAMS=top-at-mark-start (previous, next)
|   0|0x0000000701000000, 0x0000000701100000, 0x0000000701100000|100%| O|  |TAMS 0x0000000701000000, 0x0000000701000000| Untracked 
|   1|0x0000000701100000, 0x0000000701200000, 0x0000000701200000|100%| O|  |TAMS 0x0000000701100000, 0x0000000701100000| Untracked 
|   2|0x0000000701200000, 0x0000000701257600, 0x0000000701300000| 34%| O|  |TAMS 0x0000000701200000, 0x0000000701200000| Untracked 
|   3|0x0000000701300000, 0x0000000701300000, 0x0000000701400000|  0%| F|  |TAMS 0x0000000701300000, 0x0000000701300000| Untracked 
|   4|0x0000000701400000, 0x0000000701400000, 0x0000000701500000|  0%| F|  |TAMS 0x0000000701400000, 0x0000000701400000| Untracked 
|   5|0x0000000701500000, 0x0000000701500000, 0x0000000701600000|  0%| F|  |TAMS 0x0000000701500000, 0x0000000701500000| Untracked 
|   6|0x0000000701600000, 0x0000000701600000, 0x0000000701700000|  0%| F|  |TAMS 0x0000000701600000, 0x0000000701600000| Untracked 
|   7|0x0000000701700000, 0x0000000701700000, 0x0000000701800000|  0%| F|  |TAMS 0x0000000701700000, 0x0000000701700000| Untracked 
|   8|0x0000000701800000, 0x0000000701800000, 0x0000000701900000|  0%| F|  |TAMS 0x0000000701800000, 0x0000000701800000| Untracked 
|   9|0x0000000701900000, 0x0000000701900000, 0x0000000701a00000|  0%| F|  |TAMS 0x0000000701900000, 0x0000000701900000| Untracked 
|  10|0x0000000701a00000, 0x0000000701a00000, 0x0000000701b00000|  0%| F|  |TAMS 0x0000000701a00000, 0x0000000701a00000| Untracked 
|  11|0x0000000701b00000, 0x0000000701b00000, 0x0000000701c00000|  0%| F|  |TAMS 0x0000000701b00000, 0x0000000701b00000| Untracked 
|  12|0x0000000701c00000, 0x0000000701c00000, 0x0000000701d00000|  0%| F|  |TAMS 0x0000000701c00000, 0x0000000701c00000| Untracked 
|  13|0x0000000701d00000, 0x0000000701d00000, 0x0000000701e00000|  0%| F|  |TAMS 0x0000000701d00000, 0x0000000701d00000| Untracked 
|  14|0x0000000701e00000, 0x0000000701e00000, 0x0000000701f00000|  0%| F|  |TAMS 0x0000000701e00000, 0x0000000701e00000| Untracked 
|  15|0x0000000701f00000, 0x0000000701f00000, 0x0000000702000000|  0%| F|  |TAMS 0x0000000701f00000, 0x0000000701f00000| Untracked 
|  16|0x0000000702000000, 0x0000000702000000, 0x0000000702100000|  0%| F|  |TAMS 0x0000000702000000, 0x0000000702000000| Untracked 
|  17|0x0000000702100000, 0x0000000702100000, 0x0000000702200000|  0%| F|  |TAMS 0x0000000702100000, 0x0000000702100000| Untracked 
|  18|0x0000000702200000, 0x0000000702200000, 0x0000000702300000|  0%| F|  |TAMS 0x0000000702200000, 0x0000000702200000| Untracked 
|  19|0x0000000702300000, 0x0000000702300000, 0x0000000702400000|  0%| F|  |TAMS 0x0000000702300000, 0x0000000702300000| Untracked 
|  20|0x0000000702400000, 0x0000000702400000, 0x0000000702500000|  0%| F|  |TAMS 0x0000000702400000, 0x0000000702400000| Untracked 
|  21|0x0000000702500000, 0x0000000702500000, 0x0000000702600000|  0%| F|  |TAMS 0x0000000702500000, 0x0000000702500000| Untracked 
|  22|0x0000000702600000, 0x0000000702600000, 0x0000000702700000|  0%| F|  |TAMS 0x0000000702600000, 0x0000000702600000| Untracked 
|  23|0x0000000702700000, 0x0000000702700000, 0x0000000702800000|  0%| F|  |TAMS 0x0000000702700000, 0x0000000702700000| Untracked 
|  24|0x0000000702800000, 0x0000000702800000, 0x0000000702900000|  0%| F|  |TAMS 0x0000000702800000, 0x0000000702800000| Untracked 
|  25|0x0000000702900000, 0x0000000702900000, 0x0000000702a00000|  0%| F|  |TAMS 0x0000000702900000, 0x0000000702900000| Untracked 
|  26|0x0000000702a00000, 0x0000000702a00000, 0x0000000702b00000|  0%| F|  |TAMS 0x0000000702a00000, 0x0000000702a00000| Untracked 
|  27|0x0000000702b00000, 0x0000000702b00000, 0x0000000702c00000|  0%| F|  |TAMS 0x0000000702b00000, 0x0000000702b00000| Untracked 
|  28|0x0000000702c00000, 0x0000000702c00000, 0x0000000702d00000|  0%| F|  |TAMS 0x0000000702c00000, 0x0000000702c00000| Untracked 
|  29|0x0000000702d00000, 0x0000000702d00000, 0x0000000702e00000|  0%| F|  |TAMS 0x0000000702d00000, 0x0000000702d00000| Untracked 
|  30|0x0000000702e00000, 0x0000000702e00000, 0x0000000702f00000|  0%| F|  |TAMS 0x0000000702e00000, 0x0000000702e00000| Untracked 
|  31|0x0000000702f00000, 0x0000000702f00000, 0x0000000703000000|  0%| F|  |TAMS 0x0000000702f00000, 0x0000000702f00000| Untracked 
|  32|0x0000000703000000, 0x0000000703000000, 0x0000000703100000|  0%| F|  |TAMS 0x0000000703000000, 0x0000000703000000| Untracked 
|  33|0x0000000703100000, 0x0000000703100000, 0x0000000703200000|  0%| F|  |TAMS 0x0000000703100000, 0x0000000703100000| Untracked 
|  34|0x0000000703200000, 0x0000000703200000, 0x0000000703300000|  0%| F|  |TAMS 0x0000000703200000, 0x0000000703200000| Untracked 
|  35|0x0000000703300000, 0x0000000703300000, 0x0000000703400000|  0%| F|  |TAMS 0x0000000703300000, 0x0000000703300000| Untracked 
|  36|0x0000000703400000, 0x0000000703400000, 0x0000000703500000|  0%| F|  |TAMS 0x0000000703400000, 0x0000000703400000| Untracked 
|  37|0x0000000703500000, 0x0000000703500000, 0x0000000703600000|  0%| F|  |TAMS 0x0000000703500000, 0x0000000703500000| Untracked 
|  38|0x0000000703600000, 0x0000000703600000, 0x0000000703700000|  0%| F|  |TAMS 0x0000000703600000, 0x0000000703600000| Untracked 
|  39|0x0000000703700000, 0x0000000703700000, 0x0000000703800000|  0%| F|  |TAMS 0x0000000703700000, 0x0000000703700000| Untracked 
|  40|0x0000000703800000, 0x0000000703800000, 0x0000000703900000|  0%| F|  |TAMS 0x0000000703800000, 0x0000000703800000| Untracked 
|  41|0x0000000703900000, 0x0000000703900000, 0x0000000703a00000|  0%| F|  |TAMS 0x0000000703900000, 0x0000000703900000| Untracked 
|  42|0x0000000703a00000, 0x0000000703a00000, 0x0000000703b00000|  0%| F|  |TAMS 0x0000000703a00000, 0x0000000703a00000| Untracked 
|  43|0x0000000703b00000, 0x0000000703b00000, 0x0000000703c00000|  0%| F|  |TAMS 0x0000000703b00000, 0x0000000703b00000| Untracked 
|  44|0x0000000703c00000, 0x0000000703c00000, 0x0000000703d00000|  0%| F|  |TAMS 0x0000000703c00000, 0x0000000703c00000| Untracked 
|  45|0x0000000703d00000, 0x0000000703d00000, 0x0000000703e00000|  0%| F|  |TAMS 0x0000000703d00000, 0x0000000703d00000| Untracked 
|  46|0x0000000703e00000, 0x0000000703e00000, 0x0000000703f00000|  0%| F|  |TAMS 0x0000000703e00000, 0x0000000703e00000| Untracked 
|  47|0x0000000703f00000, 0x0000000703f00000, 0x0000000704000000|  0%| F|  |TAMS 0x0000000703f00000, 0x0000000703f00000| Untracked 
|  48|0x0000000704000000, 0x0000000704000000, 0x0000000704100000|  0%| F|  |TAMS 0x0000000704000000, 0x0000000704000000| Untracked 
|  49|0x0000000704100000, 0x0000000704100000, 0x0000000704200000|  0%| F|  |TAMS 0x0000000704100000, 0x0000000704100000| Untracked 
|  50|0x0000000704200000, 0x0000000704200000, 0x0000000704300000|  0%| F|  |TAMS 0x0000000704200000, 0x0000000704200000| Untracked 
|  51|0x0000000704300000, 0x0000000704300000, 0x0000000704400000|  0%| F|  |TAMS 0x0000000704300000, 0x0000000704300000| Untracked 
|  52|0x0000000704400000, 0x0000000704400000, 0x0000000704500000|  0%| F|  |TAMS 0x0000000704400000, 0x0000000704400000| Untracked 
|  53|0x0000000704500000, 0x0000000704500000, 0x0000000704600000|  0%| F|  |TAMS 0x0000000704500000, 0x0000000704500000| Untracked 
|  54|0x0000000704600000, 0x0000000704600000, 0x0000000704700000|  0%| F|  |TAMS 0x0000000704600000, 0x0000000704600000| Untracked 
|  55|0x0000000704700000, 0x0000000704700000, 0x0000000704800000|  0%| F|  |TAMS 0x0000000704700000, 0x0000000704700000| Untracked 
|  56|0x0000000704800000, 0x0000000704800000, 0x0000000704900000|  0%| F|  |TAMS 0x0000000704800000, 0x0000000704800000| Untracked 
|  57|0x0000000704900000, 0x0000000704900000, 0x0000000704a00000|  0%| F|  |TAMS 0x0000000704900000, 0x0000000704900000| Untracked 
|  58|0x0000000704a00000, 0x0000000704a00000, 0x0000000704b00000|  0%| F|  |TAMS 0x0000000704a00000, 0x0000000704a00000| Untracked 
|  59|0x0000000704b00000, 0x0000000704b00000, 0x0000000704c00000|  0%| F|  |TAMS 0x0000000704b00000, 0x0000000704b00000| Untracked 
|  60|0x0000000704c00000, 0x0000000704c00000, 0x0000000704d00000|  0%| F|  |TAMS 0x0000000704c00000, 0x0000000704c00000| Untracked 
|  61|0x0000000704d00000, 0x0000000704d00000, 0x0000000704e00000|  0%| F|  |TAMS 0x0000000704d00000, 0x0000000704d00000| Untracked 
|  62|0x0000000704e00000, 0x0000000704e00000, 0x0000000704f00000|  0%| F|  |TAMS 0x0000000704e00000, 0x0000000704e00000| Untracked 
|  63|0x0000000704f00000, 0x0000000704f00000, 0x0000000705000000|  0%| F|  |TAMS 0x0000000704f00000, 0x0000000704f00000| Untracked 
|  64|0x0000000705000000, 0x0000000705000000, 0x0000000705100000|  0%| F|  |TAMS 0x0000000705000000, 0x0000000705000000| Untracked 
|  65|0x0000000705100000, 0x0000000705100000, 0x0000000705200000|  0%| F|  |TAMS 0x0000000705100000, 0x0000000705100000| Untracked 
|  66|0x0000000705200000, 0x0000000705200000, 0x0000000705300000|  0%| F|  |TAMS 0x0000000705200000, 0x0000000705200000| Untracked 
|  67|0x0000000705300000, 0x0000000705300000, 0x0000000705400000|  0%| F|  |TAMS 0x0000000705300000, 0x0000000705300000| Untracked 
|  68|0x0000000705400000, 0x0000000705400000, 0x0000000705500000|  0%| F|  |TAMS 0x0000000705400000, 0x0000000705400000| Untracked 
|  69|0x0000000705500000, 0x0000000705500000, 0x0000000705600000|  0%| F|  |TAMS 0x0000000705500000, 0x0000000705500000| Untracked 
|  70|0x0000000705600000, 0x0000000705600000, 0x0000000705700000|  0%| F|  |TAMS 0x0000000705600000, 0x0000000705600000| Untracked 
|  71|0x0000000705700000, 0x0000000705700000, 0x0000000705800000|  0%| F|  |TAMS 0x0000000705700000, 0x0000000705700000| Untracked 
|  72|0x0000000705800000, 0x0000000705800000, 0x0000000705900000|  0%| F|  |TAMS 0x0000000705800000, 0x0000000705800000| Untracked 
|  73|0x0000000705900000, 0x0000000705900000, 0x0000000705a00000|  0%| F|  |TAMS 0x0000000705900000, 0x0000000705900000| Untracked 
|  74|0x0000000705a00000, 0x0000000705a00000, 0x0000000705b00000|  0%| F|  |TAMS 0x0000000705a00000, 0x0000000705a00000| Untracked 
|  75|0x0000000705b00000, 0x0000000705b00000, 0x0000000705c00000|  0%| F|  |TAMS 0x0000000705b00000, 0x0000000705b00000| Untracked 
|  76|0x0000000705c00000, 0x0000000705c00000, 0x0000000705d00000|  0%| F|  |TAMS 0x0000000705c00000, 0x0000000705c00000| Untracked 
|  77|0x0000000705d00000, 0x0000000705d00000, 0x0000000705e00000|  0%| F|  |TAMS 0x0000000705d00000, 0x0000000705d00000| Untracked 
|  78|0x0000000705e00000, 0x0000000705e00000, 0x0000000705f00000|  0%| F|  |TAMS 0x0000000705e00000, 0x0000000705e00000| Untracked 
|  79|0x0000000705f00000, 0x0000000705f00000, 0x0000000706000000|  0%| F|  |TAMS 0x0000000705f00000, 0x0000000705f00000| Untracked 
|  80|0x0000000706000000, 0x0000000706000000, 0x0000000706100000|  0%| F|  |TAMS 0x0000000706000000, 0x0000000706000000| Untracked 
|  81|0x0000000706100000, 0x0000000706100000, 0x0000000706200000|  0%| F|  |TAMS 0x0000000706100000, 0x0000000706100000| Untracked 
|  82|0x0000000706200000, 0x0000000706200000, 0x0000000706300000|  0%| F|  |TAMS 0x0000000706200000, 0x0000000706200000| Untracked 
|  83|0x0000000706300000, 0x0000000706300000, 0x0000000706400000|  0%| F|  |TAMS 0x0000000706300000, 0x0000000706300000| Untracked 
|  84|0x0000000706400000, 0x0000000706400000, 0x0000000706500000|  0%| F|  |TAMS 0x0000000706400000, 0x0000000706400000| Untracked 
|  85|0x0000000706500000, 0x0000000706500000, 0x0000000706600000|  0%| F|  |TAMS 0x0000000706500000, 0x0000000706500000| Untracked 
|  86|0x0000000706600000, 0x0000000706600000, 0x0000000706700000|  0%| F|  |TAMS 0x0000000706600000, 0x0000000706600000| Untracked 
|  87|0x0000000706700000, 0x0000000706700000, 0x0000000706800000|  0%| F|  |TAMS 0x0000000706700000, 0x0000000706700000| Untracked 
|  88|0x0000000706800000, 0x0000000706800000, 0x0000000706900000|  0%| F|  |TAMS 0x0000000706800000, 0x0000000706800000| Untracked 
|  89|0x0000000706900000, 0x0000000706900000, 0x0000000706a00000|  0%| F|  |TAMS 0x0000000706900000, 0x0000000706900000| Untracked 
|  90|0x0000000706a00000, 0x0000000706a00000, 0x0000000706b00000|  0%| F|  |TAMS 0x0000000706a00000, 0x0000000706a00000| Untracked 
|  91|0x0000000706b00000, 0x0000000706b00000, 0x0000000706c00000|  0%| F|  |TAMS 0x0000000706b00000, 0x0000000706b00000| Untracked 
|  92|0x0000000706c00000, 0x0000000706c00000, 0x0000000706d00000|  0%| F|  |TAMS 0x0000000706c00000, 0x0000000706c00000| Untracked 
|  93|0x0000000706d00000, 0x0000000706d00000, 0x0000000706e00000|  0%| F|  |TAMS 0x0000000706d00000, 0x0000000706d00000| Untracked 
|  94|0x0000000706e00000, 0x0000000706e00000, 0x0000000706f00000|  0%| F|  |TAMS 0x0000000706e00000, 0x0000000706e00000| Untracked 
|  95|0x0000000706f00000, 0x0000000706f00000, 0x0000000707000000|  0%| F|  |TAMS 0x0000000706f00000, 0x0000000706f00000| Untracked 
|  96|0x0000000707000000, 0x0000000707000000, 0x0000000707100000|  0%| F|  |TAMS 0x0000000707000000, 0x0000000707000000| Untracked 
|  97|0x0000000707100000, 0x0000000707100000, 0x0000000707200000|  0%| F|  |TAMS 0x0000000707100000, 0x0000000707100000| Untracked 
|  98|0x0000000707200000, 0x0000000707200000, 0x0000000707300000|  0%| F|  |TAMS 0x0000000707200000, 0x0000000707200000| Untracked 
|  99|0x0000000707300000, 0x0000000707300000, 0x0000000707400000|  0%| F|  |TAMS 0x0000000707300000, 0x0000000707300000| Untracked 
| 100|0x0000000707400000, 0x0000000707495bb0, 0x0000000707500000| 58%| S|CS|TAMS 0x0000000707400000, 0x0000000707400000| Complete 
| 101|0x0000000707500000, 0x0000000707600000, 0x0000000707600000|100%| S|CS|TAMS 0x0000000707500000, 0x0000000707500000| Complete 
| 102|0x0000000707600000, 0x0000000707700000, 0x0000000707700000|100%| S|CS|TAMS 0x0000000707600000, 0x0000000707600000| Complete 
| 103|0x0000000707700000, 0x0000000707700000, 0x0000000707800000|  0%| F|  |TAMS 0x0000000707700000, 0x0000000707700000| Untracked 
| 104|0x0000000707800000, 0x0000000707800000, 0x0000000707900000|  0%| F|  |TAMS 0x0000000707800000, 0x0000000707800000| Untracked 
| 105|0x0000000707900000, 0x0000000707900000, 0x0000000707a00000|  0%| F|  |TAMS 0x0000000707900000, 0x0000000707900000| Untracked 
| 106|0x0000000707a00000, 0x0000000707a00000, 0x0000000707b00000|  0%| F|  |TAMS 0x0000000707a00000, 0x0000000707a00000| Untracked 
| 107|0x0000000707b00000, 0x0000000707b00000, 0x0000000707c00000|  0%| F|  |TAMS 0x0000000707b00000, 0x0000000707b00000| Untracked 
| 108|0x0000000707c00000, 0x0000000707c00000, 0x0000000707d00000|  0%| F|  |TAMS 0x0000000707c00000, 0x0000000707c00000| Untracked 
| 109|0x0000000707d00000, 0x0000000707d00000, 0x0000000707e00000|  0%| F|  |TAMS 0x0000000707d00000, 0x0000000707d00000| Untracked 
| 110|0x0000000707e00000, 0x0000000707e00000, 0x0000000707f00000|  0%| F|  |TAMS 0x0000000707e00000, 0x0000000707e00000| Untracked 
| 111|0x0000000707f00000, 0x0000000707f00000, 0x0000000708000000|  0%| F|  |TAMS 0x0000000707f00000, 0x0000000707f00000| Untracked 
| 112|0x0000000708000000, 0x0000000708000000, 0x0000000708100000|  0%| F|  |TAMS 0x0000000708000000, 0x0000000708000000| Untracked 
| 113|0x0000000708100000, 0x0000000708100000, 0x0000000708200000|  0%| F|  |TAMS 0x0000000708100000, 0x0000000708100000| Untracked 
| 114|0x0000000708200000, 0x0000000708200000, 0x0000000708300000|  0%| F|  |TAMS 0x0000000708200000, 0x0000000708200000| Untracked 
| 115|0x0000000708300000, 0x0000000708300000, 0x0000000708400000|  0%| F|  |TAMS 0x0000000708300000, 0x0000000708300000| Untracked 
| 116|0x0000000708400000, 0x0000000708400000, 0x0000000708500000|  0%| F|  |TAMS 0x0000000708400000, 0x0000000708400000| Untracked 
| 117|0x0000000708500000, 0x0000000708500000, 0x0000000708600000|  0%| F|  |TAMS 0x0000000708500000, 0x0000000708500000| Untracked 
| 118|0x0000000708600000, 0x0000000708600000, 0x0000000708700000|  0%| F|  |TAMS 0x0000000708600000, 0x0000000708600000| Untracked 
| 119|0x0000000708700000, 0x0000000708700000, 0x0000000708800000|  0%| F|  |TAMS 0x0000000708700000, 0x0000000708700000| Untracked 
| 120|0x0000000708800000, 0x0000000708800000, 0x0000000708900000|  0%| F|  |TAMS 0x0000000708800000, 0x0000000708800000| Untracked 
| 121|0x0000000708900000, 0x0000000708900000, 0x0000000708a00000|  0%| F|  |TAMS 0x0000000708900000, 0x0000000708900000| Untracked 
| 122|0x0000000708a00000, 0x0000000708a00000, 0x0000000708b00000|  0%| F|  |TAMS 0x0000000708a00000, 0x0000000708a00000| Untracked 
| 123|0x0000000708b00000, 0x0000000708b00000, 0x0000000708c00000|  0%| F|  |TAMS 0x0000000708b00000, 0x0000000708b00000| Untracked 
| 124|0x0000000708c00000, 0x0000000708c00000, 0x0000000708d00000|  0%| F|  |TAMS 0x0000000708c00000, 0x0000000708c00000| Untracked 
| 125|0x0000000708d00000, 0x0000000708d00000, 0x0000000708e00000|  0%| F|  |TAMS 0x0000000708d00000, 0x0000000708d00000| Untracked 
| 126|0x0000000708e00000, 0x0000000708e00000, 0x0000000708f00000|  0%| F|  |TAMS 0x0000000708e00000, 0x0000000708e00000| Untracked 
| 127|0x0000000708f00000, 0x0000000708f00000, 0x0000000709000000|  0%| F|  |TAMS 0x0000000708f00000, 0x0000000708f00000| Untracked 
| 128|0x0000000709000000, 0x0000000709000000, 0x0000000709100000|  0%| F|  |TAMS 0x0000000709000000, 0x0000000709000000| Untracked 
| 129|0x0000000709100000, 0x0000000709100000, 0x0000000709200000|  0%| F|  |TAMS 0x0000000709100000, 0x0000000709100000| Untracked 
| 130|0x0000000709200000, 0x0000000709200000, 0x0000000709300000|  0%| F|  |TAMS 0x0000000709200000, 0x0000000709200000| Untracked 
| 131|0x0000000709300000, 0x0000000709300000, 0x0000000709400000|  0%| F|  |TAMS 0x0000000709300000, 0x0000000709300000| Untracked 
| 132|0x0000000709400000, 0x0000000709400000, 0x0000000709500000|  0%| F|  |TAMS 0x0000000709400000, 0x0000000709400000| Untracked 
| 133|0x0000000709500000, 0x0000000709500000, 0x0000000709600000|  0%| F|  |TAMS 0x0000000709500000, 0x0000000709500000| Untracked 
| 134|0x0000000709600000, 0x0000000709600000, 0x0000000709700000|  0%| F|  |TAMS 0x0000000709600000, 0x0000000709600000| Untracked 
| 135|0x0000000709700000, 0x0000000709700000, 0x0000000709800000|  0%| F|  |TAMS 0x0000000709700000, 0x0000000709700000| Untracked 
| 136|0x0000000709800000, 0x0000000709800000, 0x0000000709900000|  0%| F|  |TAMS 0x0000000709800000, 0x0000000709800000| Untracked 
| 137|0x0000000709900000, 0x0000000709900000, 0x0000000709a00000|  0%| F|  |TAMS 0x0000000709900000, 0x0000000709900000| Untracked 
| 138|0x0000000709a00000, 0x0000000709a00000, 0x0000000709b00000|  0%| F|  |TAMS 0x0000000709a00000, 0x0000000709a00000| Untracked 
| 139|0x0000000709b00000, 0x0000000709b00000, 0x0000000709c00000|  0%| F|  |TAMS 0x0000000709b00000, 0x0000000709b00000| Untracked 
| 140|0x0000000709c00000, 0x0000000709c00000, 0x0000000709d00000|  0%| F|  |TAMS 0x0000000709c00000, 0x0000000709c00000| Untracked 
| 141|0x0000000709d00000, 0x0000000709d00000, 0x0000000709e00000|  0%| F|  |TAMS 0x0000000709d00000, 0x0000000709d00000| Untracked 
| 142|0x0000000709e00000, 0x0000000709e00000, 0x0000000709f00000|  0%| F|  |TAMS 0x0000000709e00000, 0x0000000709e00000| Untracked 
| 143|0x0000000709f00000, 0x0000000709f00000, 0x000000070a000000|  0%| F|  |TAMS 0x0000000709f00000, 0x0000000709f00000| Untracked 
| 144|0x000000070a000000, 0x000000070a000000, 0x000000070a100000|  0%| F|  |TAMS 0x000000070a000000, 0x000000070a000000| Untracked 
| 145|0x000000070a100000, 0x000000070a100000, 0x000000070a200000|  0%| F|  |TAMS 0x000000070a100000, 0x000000070a100000| Untracked 
| 146|0x000000070a200000, 0x000000070a200000, 0x000000070a300000|  0%| F|  |TAMS 0x000000070a200000, 0x000000070a200000| Untracked 
| 147|0x000000070a300000, 0x000000070a300000, 0x000000070a400000|  0%| F|  |TAMS 0x000000070a300000, 0x000000070a300000| Untracked 
| 148|0x000000070a400000, 0x000000070a400000, 0x000000070a500000|  0%| F|  |TAMS 0x000000070a400000, 0x000000070a400000| Untracked 
| 149|0x000000070a500000, 0x000000070a500000, 0x000000070a600000|  0%| F|  |TAMS 0x000000070a500000, 0x000000070a500000| Untracked 
| 150|0x000000070a600000, 0x000000070a600000, 0x000000070a700000|  0%| F|  |TAMS 0x000000070a600000, 0x000000070a600000| Untracked 
| 151|0x000000070a700000, 0x000000070a700000, 0x000000070a800000|  0%| F|  |TAMS 0x000000070a700000, 0x000000070a700000| Untracked 
| 152|0x000000070a800000, 0x000000070a800000, 0x000000070a900000|  0%| F|  |TAMS 0x000000070a800000, 0x000000070a800000| Untracked 
| 153|0x000000070a900000, 0x000000070a900000, 0x000000070aa00000|  0%| F|  |TAMS 0x000000070a900000, 0x000000070a900000| Untracked 
| 154|0x000000070aa00000, 0x000000070aa00000, 0x000000070ab00000|  0%| F|  |TAMS 0x000000070aa00000, 0x000000070aa00000| Untracked 
| 155|0x000000070ab00000, 0x000000070ab00000, 0x000000070ac00000|  0%| F|  |TAMS 0x000000070ab00000, 0x000000070ab00000| Untracked 
| 156|0x000000070ac00000, 0x000000070ac00000, 0x000000070ad00000|  0%| F|  |TAMS 0x000000070ac00000, 0x000000070ac00000| Untracked 
| 157|0x000000070ad00000, 0x000000070ad00000, 0x000000070ae00000|  0%| F|  |TAMS 0x000000070ad00000, 0x000000070ad00000| Untracked 
| 158|0x000000070ae00000, 0x000000070ae00000, 0x000000070af00000|  0%| F|  |TAMS 0x000000070ae00000, 0x000000070ae00000| Untracked 
| 159|0x000000070af00000, 0x000000070af00000, 0x000000070b000000|  0%| F|  |TAMS 0x000000070af00000, 0x000000070af00000| Untracked 
| 160|0x000000070b000000, 0x000000070b000000, 0x000000070b100000|  0%| F|  |TAMS 0x000000070b000000, 0x000000070b000000| Untracked 
| 161|0x000000070b100000, 0x000000070b100000, 0x000000070b200000|  0%| F|  |TAMS 0x000000070b100000, 0x000000070b100000| Untracked 
| 162|0x000000070b200000, 0x000000070b200000, 0x000000070b300000|  0%| F|  |TAMS 0x000000070b200000, 0x000000070b200000| Untracked 
| 163|0x000000070b300000, 0x000000070b300000, 0x000000070b400000|  0%| F|  |TAMS 0x000000070b300000, 0x000000070b300000| Untracked 
| 164|0x000000070b400000, 0x000000070b400000, 0x000000070b500000|  0%| F|  |TAMS 0x000000070b400000, 0x000000070b400000| Untracked 
| 165|0x000000070b500000, 0x000000070b500000, 0x000000070b600000|  0%| F|  |TAMS 0x000000070b500000, 0x000000070b500000| Untracked 
| 166|0x000000070b600000, 0x000000070b600000, 0x000000070b700000|  0%| F|  |TAMS 0x000000070b600000, 0x000000070b600000| Untracked 
| 167|0x000000070b700000, 0x000000070b700000, 0x000000070b800000|  0%| F|  |TAMS 0x000000070b700000, 0x000000070b700000| Untracked 
| 168|0x000000070b800000, 0x000000070b800000, 0x000000070b900000|  0%| F|  |TAMS 0x000000070b800000, 0x000000070b800000| Untracked 
| 169|0x000000070b900000, 0x000000070b900000, 0x000000070ba00000|  0%| F|  |TAMS 0x000000070b900000, 0x000000070b900000| Untracked 
| 170|0x000000070ba00000, 0x000000070ba00000, 0x000000070bb00000|  0%| F|  |TAMS 0x000000070ba00000, 0x000000070ba00000| Untracked 
| 171|0x000000070bb00000, 0x000000070bb00000, 0x000000070bc00000|  0%| F|  |TAMS 0x000000070bb00000, 0x000000070bb00000| Untracked 
| 172|0x000000070bc00000, 0x000000070bc00000, 0x000000070bd00000|  0%| F|  |TAMS 0x000000070bc00000, 0x000000070bc00000| Untracked 
| 173|0x000000070bd00000, 0x000000070bd00000, 0x000000070be00000|  0%| F|  |TAMS 0x000000070bd00000, 0x000000070bd00000| Untracked 
| 174|0x000000070be00000, 0x000000070be00000, 0x000000070bf00000|  0%| F|  |TAMS 0x000000070be00000, 0x000000070be00000| Untracked 
| 175|0x000000070bf00000, 0x000000070bf00000, 0x000000070c000000|  0%| F|  |TAMS 0x000000070bf00000, 0x000000070bf00000| Untracked 
| 176|0x000000070c000000, 0x000000070c000000, 0x000000070c100000|  0%| F|  |TAMS 0x000000070c000000, 0x000000070c000000| Untracked 
| 177|0x000000070c100000, 0x000000070c100000, 0x000000070c200000|  0%| F|  |TAMS 0x000000070c100000, 0x000000070c100000| Untracked 
| 178|0x000000070c200000, 0x000000070c200000, 0x000000070c300000|  0%| F|  |TAMS 0x000000070c200000, 0x000000070c200000| Untracked 
| 179|0x000000070c300000, 0x000000070c300000, 0x000000070c400000|  0%| F|  |TAMS 0x000000070c300000, 0x000000070c300000| Untracked 
| 180|0x000000070c400000, 0x000000070c400000, 0x000000070c500000|  0%| F|  |TAMS 0x000000070c400000, 0x000000070c400000| Untracked 
| 181|0x000000070c500000, 0x000000070c500000, 0x000000070c600000|  0%| F|  |TAMS 0x000000070c500000, 0x000000070c500000| Untracked 
| 182|0x000000070c600000, 0x000000070c600000, 0x000000070c700000|  0%| F|  |TAMS 0x000000070c600000, 0x000000070c600000| Untracked 
| 183|0x000000070c700000, 0x000000070c700000, 0x000000070c800000|  0%| F|  |TAMS 0x000000070c700000, 0x000000070c700000| Untracked 
| 184|0x000000070c800000, 0x000000070c800000, 0x000000070c900000|  0%| F|  |TAMS 0x000000070c800000, 0x000000070c800000| Untracked 
| 185|0x000000070c900000, 0x000000070c900000, 0x000000070ca00000|  0%| F|  |TAMS 0x000000070c900000, 0x000000070c900000| Untracked 
| 186|0x000000070ca00000, 0x000000070ca00000, 0x000000070cb00000|  0%| F|  |TAMS 0x000000070ca00000, 0x000000070ca00000| Untracked 
| 187|0x000000070cb00000, 0x000000070cb00000, 0x000000070cc00000|  0%| F|  |TAMS 0x000000070cb00000, 0x000000070cb00000| Untracked 
| 188|0x000000070cc00000, 0x000000070cc00000, 0x000000070cd00000|  0%| F|  |TAMS 0x000000070cc00000, 0x000000070cc00000| Untracked 
| 189|0x000000070cd00000, 0x000000070cd00000, 0x000000070ce00000|  0%| F|  |TAMS 0x000000070cd00000, 0x000000070cd00000| Untracked 
| 190|0x000000070ce00000, 0x000000070ce00000, 0x000000070cf00000|  0%| F|  |TAMS 0x000000070ce00000, 0x000000070ce00000| Untracked 
| 191|0x000000070cf00000, 0x000000070cf00000, 0x000000070d000000|  0%| F|  |TAMS 0x000000070cf00000, 0x000000070cf00000| Untracked 
| 192|0x000000070d000000, 0x000000070d000000, 0x000000070d100000|  0%| F|  |TAMS 0x000000070d000000, 0x000000070d000000| Untracked 
| 193|0x000000070d100000, 0x000000070d100000, 0x000000070d200000|  0%| F|  |TAMS 0x000000070d100000, 0x000000070d100000| Untracked 
| 194|0x000000070d200000, 0x000000070d200000, 0x000000070d300000|  0%| F|  |TAMS 0x000000070d200000, 0x000000070d200000| Untracked 
| 195|0x000000070d300000, 0x000000070d300000, 0x000000070d400000|  0%| F|  |TAMS 0x000000070d300000, 0x000000070d300000| Untracked 
| 196|0x000000070d400000, 0x000000070d400000, 0x000000070d500000|  0%| F|  |TAMS 0x000000070d400000, 0x000000070d400000| Untracked 
| 197|0x000000070d500000, 0x000000070d500000, 0x000000070d600000|  0%| F|  |TAMS 0x000000070d500000, 0x000000070d500000| Untracked 
| 198|0x000000070d600000, 0x000000070d600000, 0x000000070d700000|  0%| F|  |TAMS 0x000000070d600000, 0x000000070d600000| Untracked 
| 199|0x000000070d700000, 0x000000070d700000, 0x000000070d800000|  0%| F|  |TAMS 0x000000070d700000, 0x000000070d700000| Untracked 
| 200|0x000000070d800000, 0x000000070d800000, 0x000000070d900000|  0%| F|  |TAMS 0x000000070d800000, 0x000000070d800000| Untracked 
| 201|0x000000070d900000, 0x000000070d900000, 0x000000070da00000|  0%| F|  |TAMS 0x000000070d900000, 0x000000070d900000| Untracked 
| 202|0x000000070da00000, 0x000000070da00000, 0x000000070db00000|  0%| F|  |TAMS 0x000000070da00000, 0x000000070da00000| Untracked 
| 203|0x000000070db00000, 0x000000070db00000, 0x000000070dc00000|  0%| F|  |TAMS 0x000000070db00000, 0x000000070db00000| Untracked 
| 204|0x000000070dc00000, 0x000000070dc00000, 0x000000070dd00000|  0%| F|  |TAMS 0x000000070dc00000, 0x000000070dc00000| Untracked 
| 205|0x000000070dd00000, 0x000000070dd00000, 0x000000070de00000|  0%| F|  |TAMS 0x000000070dd00000, 0x000000070dd00000| Untracked 
| 206|0x000000070de00000, 0x000000070de00000, 0x000000070df00000|  0%| F|  |TAMS 0x000000070de00000, 0x000000070de00000| Untracked 
| 207|0x000000070df00000, 0x000000070df00000, 0x000000070e000000|  0%| F|  |TAMS 0x000000070df00000, 0x000000070df00000| Untracked 
| 208|0x000000070e000000, 0x000000070e000000, 0x000000070e100000|  0%| F|  |TAMS 0x000000070e000000, 0x000000070e000000| Untracked 
| 209|0x000000070e100000, 0x000000070e100000, 0x000000070e200000|  0%| F|  |TAMS 0x000000070e100000, 0x000000070e100000| Untracked 
| 210|0x000000070e200000, 0x000000070e200000, 0x000000070e300000|  0%| F|  |TAMS 0x000000070e200000, 0x000000070e200000| Untracked 
| 211|0x000000070e300000, 0x000000070e300000, 0x000000070e400000|  0%| F|  |TAMS 0x000000070e300000, 0x000000070e300000| Untracked 
| 212|0x000000070e400000, 0x000000070e400000, 0x000000070e500000|  0%| F|  |TAMS 0x000000070e400000, 0x000000070e400000| Untracked 
| 213|0x000000070e500000, 0x000000070e500000, 0x000000070e600000|  0%| F|  |TAMS 0x000000070e500000, 0x000000070e500000| Untracked 
| 214|0x000000070e600000, 0x000000070e600000, 0x000000070e700000|  0%| F|  |TAMS 0x000000070e600000, 0x000000070e600000| Untracked 
| 215|0x000000070e700000, 0x000000070e700000, 0x000000070e800000|  0%| F|  |TAMS 0x000000070e700000, 0x000000070e700000| Untracked 
| 216|0x000000070e800000, 0x000000070e800000, 0x000000070e900000|  0%| F|  |TAMS 0x000000070e800000, 0x000000070e800000| Untracked 
| 217|0x000000070e900000, 0x000000070e900000, 0x000000070ea00000|  0%| F|  |TAMS 0x000000070e900000, 0x000000070e900000| Untracked 
| 218|0x000000070ea00000, 0x000000070ea00000, 0x000000070eb00000|  0%| F|  |TAMS 0x000000070ea00000, 0x000000070ea00000| Untracked 
| 219|0x000000070eb00000, 0x000000070eb00000, 0x000000070ec00000|  0%| F|  |TAMS 0x000000070eb00000, 0x000000070eb00000| Untracked 
| 220|0x000000070ec00000, 0x000000070ec00000, 0x000000070ed00000|  0%| F|  |TAMS 0x000000070ec00000, 0x000000070ec00000| Untracked 
| 221|0x000000070ed00000, 0x000000070ed00000, 0x000000070ee00000|  0%| F|  |TAMS 0x000000070ed00000, 0x000000070ed00000| Untracked 
| 222|0x000000070ee00000, 0x000000070ee00000, 0x000000070ef00000|  0%| F|  |TAMS 0x000000070ee00000, 0x000000070ee00000| Untracked 
| 223|0x000000070ef00000, 0x000000070ef00000, 0x000000070f000000|  0%| F|  |TAMS 0x000000070ef00000, 0x000000070ef00000| Untracked 
| 224|0x000000070f000000, 0x000000070f000000, 0x000000070f100000|  0%| F|  |TAMS 0x000000070f000000, 0x000000070f000000| Untracked 
| 225|0x000000070f100000, 0x000000070f100000, 0x000000070f200000|  0%| F|  |TAMS 0x000000070f100000, 0x000000070f100000| Untracked 
| 226|0x000000070f200000, 0x000000070f200000, 0x000000070f300000|  0%| F|  |TAMS 0x000000070f200000, 0x000000070f200000| Untracked 
| 227|0x000000070f300000, 0x000000070f300000, 0x000000070f400000|  0%| F|  |TAMS 0x000000070f300000, 0x000000070f300000| Untracked 
| 228|0x000000070f400000, 0x000000070f400000, 0x000000070f500000|  0%| F|  |TAMS 0x000000070f400000, 0x000000070f400000| Untracked 
| 229|0x000000070f500000, 0x000000070f500000, 0x000000070f600000|  0%| F|  |TAMS 0x000000070f500000, 0x000000070f500000| Untracked 
| 230|0x000000070f600000, 0x000000070f600000, 0x000000070f700000|  0%| F|  |TAMS 0x000000070f600000, 0x000000070f600000| Untracked 
| 231|0x000000070f700000, 0x000000070f700000, 0x000000070f800000|  0%| F|  |TAMS 0x000000070f700000, 0x000000070f700000| Untracked 
| 232|0x000000070f800000, 0x000000070f800000, 0x000000070f900000|  0%| F|  |TAMS 0x000000070f800000, 0x000000070f800000| Untracked 
| 233|0x000000070f900000, 0x000000070f900000, 0x000000070fa00000|  0%| F|  |TAMS 0x000000070f900000, 0x000000070f900000| Untracked 
| 234|0x000000070fa00000, 0x000000070fa00000, 0x000000070fb00000|  0%| F|  |TAMS 0x000000070fa00000, 0x000000070fa00000| Untracked 
| 235|0x000000070fb00000, 0x000000070fb00000, 0x000000070fc00000|  0%| F|  |TAMS 0x000000070fb00000, 0x000000070fb00000| Untracked 
| 236|0x000000070fc00000, 0x000000070fc00000, 0x000000070fd00000|  0%| F|  |TAMS 0x000000070fc00000, 0x000000070fc00000| Untracked 
| 237|0x000000070fd00000, 0x000000070fd00000, 0x000000070fe00000|  0%| F|  |TAMS 0x000000070fd00000, 0x000000070fd00000| Untracked 
| 238|0x000000070fe00000, 0x000000070fe00000, 0x000000070ff00000|  0%| F|  |TAMS 0x000000070fe00000, 0x000000070fe00000| Untracked 
| 239|0x000000070ff00000, 0x000000070ff00000, 0x0000000710000000|  0%| F|  |TAMS 0x000000070ff00000, 0x000000070ff00000| Untracked 
| 240|0x0000000710000000, 0x0000000710000000, 0x0000000710100000|  0%| F|  |TAMS 0x0000000710000000, 0x0000000710000000| Untracked 
| 241|0x0000000710100000, 0x0000000710100000, 0x0000000710200000|  0%| F|  |TAMS 0x0000000710100000, 0x0000000710100000| Untracked 
| 242|0x0000000710200000, 0x0000000710200000, 0x0000000710300000|  0%| F|  |TAMS 0x0000000710200000, 0x0000000710200000| Untracked 
| 243|0x0000000710300000, 0x0000000710300000, 0x0000000710400000|  0%| F|  |TAMS 0x0000000710300000, 0x0000000710300000| Untracked 
| 244|0x0000000710400000, 0x0000000710400000, 0x0000000710500000|  0%| F|  |TAMS 0x0000000710400000, 0x0000000710400000| Untracked 
| 245|0x0000000710500000, 0x0000000710500000, 0x0000000710600000|  0%| F|  |TAMS 0x0000000710500000, 0x0000000710500000| Untracked 
| 246|0x0000000710600000, 0x0000000710600000, 0x0000000710700000|  0%| F|  |TAMS 0x0000000710600000, 0x0000000710600000| Untracked 
| 247|0x0000000710700000, 0x0000000710700000, 0x0000000710800000|  0%| F|  |TAMS 0x0000000710700000, 0x0000000710700000| Untracked 
| 248|0x0000000710800000, 0x0000000710880800, 0x0000000710900000| 50%| E|  |TAMS 0x0000000710800000, 0x0000000710800000| Complete 
| 249|0x0000000710900000, 0x0000000710a00000, 0x0000000710a00000|100%| E|CS|TAMS 0x0000000710900000, 0x0000000710900000| Complete 
| 250|0x0000000710a00000, 0x0000000710b00000, 0x0000000710b00000|100%| E|CS|TAMS 0x0000000710a00000, 0x0000000710a00000| Complete 
| 251|0x0000000710b00000, 0x0000000710c00000, 0x0000000710c00000|100%| E|CS|TAMS 0x0000000710b00000, 0x0000000710b00000| Complete 
| 252|0x0000000710c00000, 0x0000000710d00000, 0x0000000710d00000|100%| E|CS|TAMS 0x0000000710c00000, 0x0000000710c00000| Complete 
| 253|0x0000000710d00000, 0x0000000710e00000, 0x0000000710e00000|100%| E|CS|TAMS 0x0000000710d00000, 0x0000000710d00000| Complete 
| 254|0x0000000710e00000, 0x0000000710f00000, 0x0000000710f00000|100%| E|CS|TAMS 0x0000000710e00000, 0x0000000710e00000| Complete 
| 255|0x0000000710f00000, 0x0000000711000000, 0x0000000711000000|100%| E|CS|TAMS 0x0000000710f00000, 0x0000000710f00000| Complete 

Card table byte_map: [0x000001ec53430000,0x000001ec53c30000] _byte_map_base: 0x000001ec4fc28000

Marking Bits (Prev, Next): (CMBitMap*) 0x000001ec394be378, (CMBitMap*) 0x000001ec394be3b8
 Prev Bits: [0x000001ec54430000, 0x000001ec583f0000)
 Next Bits: [0x000001ec583f0000, 0x000001ec5c3b0000)

Polling page: 0x000001ec39310000

Metaspace:

Usage:
  Non-class:      9.92 MB capacity,     9.69 MB ( 98%) used,   218.54 KB (  2%) free+waste,    15.75 KB ( <1%) overhead. 
      Class:    741.00 KB capacity,   692.99 KB ( 94%) used,    41.45 KB (  6%) free+waste,     6.56 KB ( <1%) overhead. 
       Both:     10.64 MB capacity,    10.36 MB ( 97%) used,   259.98 KB (  2%) free+waste,    22.31 KB ( <1%) overhead. 

Virtual space:
  Non-class space:       10.00 MB reserved,      10.00 MB (100%) committed 
      Class space:        1.00 GB reserved,     768.00 KB ( <1%) committed 
             Both:        1.01 GB reserved,      10.75 MB (  1%) committed 

Chunk freelists:
   Non-Class:  22.00 KB
       Class:  0 bytes
        Both:  22.00 KB

MaxMetaspaceSize: 17179869184.00 GB
CompressedClassSpaceSize: 1.00 GB

CodeHeap 'non-profiled nmethods': size=120000Kb used=1433Kb max_used=1433Kb free=118566Kb
 bounds [0x000001ec4b700000, 0x000001ec4b970000, 0x000001ec52c30000]
CodeHeap 'profiled nmethods': size=120000Kb used=4351Kb max_used=4351Kb free=115648Kb
 bounds [0x000001ec441d0000, 0x000001ec44610000, 0x000001ec4b700000]
CodeHeap 'non-nmethods': size=5760Kb used=1624Kb max_used=1689Kb free=4135Kb
 bounds [0x000001ec43c30000, 0x000001ec43ea0000, 0x000001ec441d0000]
 total_blobs=3819 nmethods=1865 adapters=922
 compilation: enabled
              stopped_count=0, restarted_count=0
 full_count=0

Compilation events (20 events):
Event: 4.626 Thread 0x000001ec5fd4f000 nmethod 1859 0x000001ec4b864790 code [0x000001ec4b864920, 0x000001ec4b864ad8]
Event: 4.626 Thread 0x000001ec5fd4f000 1860       4       org.lwjgl.system.MemoryUtil::memPutAddress (62 bytes)
Event: 4.626 Thread 0x000001ec5fd4f000 nmethod 1860 0x000001ec4b864b90 code [0x000001ec4b864d20, 0x000001ec4b864e18]
Event: 4.627 Thread 0x000001ec5e6ba000 nmethod 1857 0x000001ec4b864f10 code [0x000001ec4b865080, 0x000001ec4b865618]
Event: 4.628 Thread 0x000001ec5e6ba000 1861       4       sun.misc.Unsafe::getLong (9 bytes)
Event: 4.629 Thread 0x000001ec5f1f1000 1862       3       org.lwjgl.system.MemoryUtil::memGetAddress (65 bytes)
Event: 4.629 Thread 0x000001ec5e6ba000 nmethod 1861 0x000001ec4b865690 code [0x000001ec4b865820, 0x000001ec4b8658d8]
Event: 4.629 Thread 0x000001ec5f1f1000 nmethod 1862 0x000001ec4460e010 code [0x000001ec4460e1c0, 0x000001ec4460e468]
Event: 4.629 Thread 0x000001ec5f1f1000 1863       3       org.lwjgl.PointerBuffer::get (31 bytes)
Event: 4.629 Thread 0x000001ec5f1f1000 nmethod 1863 0x000001ec4460e610 code [0x000001ec4460e7e0, 0x000001ec4460ea08]
Event: 4.629 Thread 0x000001ec5f1f1000 1864       3       org.lwjgl.system.CustomBuffer::$jacocoInit (52 bytes)
Event: 4.629 Thread 0x000001ec5fd4f000 1866       4       org.lwjgl.PointerBuffer::$jacocoInit (53 bytes)
Event: 4.629 Thread 0x000001ec5e6ba000 1867       4       org.lwjgl.system.CheckIntrinsics::$jacocoInit (51 bytes)
Event: 4.629 Thread 0x000001ec5f1f1000 nmethod 1864 0x000001ec4460eb90 code [0x000001ec4460eda0, 0x000001ec4460f7d8]
Event: 4.629 Thread 0x000001ec5f1f1000 1865       3       org.lwjgl.system.CustomBuffer::remaining (19 bytes)
Event: 4.629 Thread 0x000001ec5fd4f000 nmethod 1866 0x000001ec4b865990 code [0x000001ec4b865b20, 0x000001ec4b865b98]
Event: 4.630 Thread 0x000001ec5f1f1000 nmethod 1865 0x000001ec4460fa10 code [0x000001ec4460fbc0, 0x000001ec4460fd48]
Event: 4.630 Thread 0x000001ec5e6ba000 nmethod 1867 0x000001ec4b865c90 code [0x000001ec4b865e20, 0x000001ec4b865e98]
Event: 4.630 Thread 0x000001ec5fd4f000 1868       4       org.lwjgl.system.Checks::check (48 bytes)
Event: 4.631 Thread 0x000001ec5fd4f000 nmethod 1868 0x000001ec4b865f90 code [0x000001ec4b866160, 0x000001ec4b866378]

GC Heap History (8 events):
Event: 0.893 GC heap before
{Heap before GC invocations=0 (full 0):
 garbage-first heap   total 262144K, used 13312K [0x0000000701000000, 0x0000000800000000)
  region size 1024K, 13 young (13312K), 0 survivors (0K)
 Metaspace       used 825K, capacity 4515K, committed 4864K, reserved 1056768K
  class space    used 47K, capacity 398K, committed 512K, reserved 1048576K
}
Event: 0.898 GC heap after
{Heap after GC invocations=1 (full 0):
 garbage-first heap   total 262144K, used 2426K [0x0000000701000000, 0x0000000800000000)
  region size 1024K, 2 young (2048K), 2 survivors (2048K)
 Metaspace       used 825K, capacity 4515K, committed 4864K, reserved 1056768K
  class space    used 47K, capacity 398K, committed 512K, reserved 1048576K
}
Event: 1.186 GC heap before
{Heap before GC invocations=1 (full 0):
 garbage-first heap   total 262144K, used 17786K [0x0000000701000000, 0x0000000800000000)
  region size 1024K, 17 young (17408K), 2 survivors (2048K)
 Metaspace       used 2997K, capacity 4662K, committed 4864K, reserved 1056768K
  class space    used 274K, capacity 446K, committed 512K, reserved 1048576K
}
Event: 1.189 GC heap after
{Heap after GC invocations=2 (full 0):
 garbage-first heap   total 262144K, used 3320K [0x0000000701000000, 0x0000000800000000)
  region size 1024K, 1 young (1024K), 1 survivors (1024K)
 Metaspace       used 2997K, capacity 4662K, committed 4864K, reserved 1056768K
  class space    used 274K, capacity 446K, committed 512K, reserved 1048576K
}
Event: 1.369 GC heap before
{Heap before GC invocations=2 (full 0):
 garbage-first heap   total 262144K, used 35064K [0x0000000701000000, 0x0000000800000000)
  region size 1024K, 32 young (32768K), 1 survivors (1024K)
 Metaspace       used 3887K, capacity 5067K, committed 5120K, reserved 1056768K
  class space    used 374K, capacity 496K, committed 512K, reserved 1048576K
}
Event: 1.370 GC heap after
{Heap after GC invocations=3 (full 0):
 garbage-first heap   total 262144K, used 3360K [0x0000000701000000, 0x0000000800000000)
  region size 1024K, 1 young (1024K), 1 survivors (1024K)
 Metaspace       used 3887K, capacity 5067K, committed 5120K, reserved 1056768K
  class space    used 374K, capacity 496K, committed 512K, reserved 1048576K
}
Event: 4.464 GC heap before
{Heap before GC invocations=3 (full 0):
 garbage-first heap   total 262144K, used 159008K [0x0000000701000000, 0x0000000800000000)
  region size 1024K, 153 young (156672K), 1 survivors (1024K)
 Metaspace       used 10233K, capacity 10548K, committed 10752K, reserved 1058816K
  class space    used 664K, capacity 731K, committed 768K, reserved 1048576K
}
Event: 4.467 GC heap after
{Heap after GC invocations=4 (full 0):
 garbage-first heap   total 262144K, used 5044K [0x0000000701000000, 0x0000000800000000)
  region size 1024K, 3 young (3072K), 3 survivors (3072K)
 Metaspace       used 10233K, capacity 10548K, committed 10752K, reserved 1058816K
  class space    used 664K, capacity 731K, committed 768K, reserved 1048576K
}

Deoptimization events (20 events):
Event: 4.391 Thread 0x000001ec3b4b2000 DEOPT PACKING pc=0x000001ec441ddf3b sp=0x0000002ef77fd6b0
Event: 4.391 Thread 0x000001ec3b4b2000 DEOPT UNPACKING pc=0x000001ec43c7964e sp=0x0000002ef77fcb28 mode 0
Event: 4.397 Thread 0x000001ec3b4b2000 Uncommon trap: trap_request=0xffffff45 fr.pc=0x000001ec4b7b8fd4 relative=0x00000000000008d4
Event: 4.397 Thread 0x000001ec3b4b2000 Uncommon trap: reason=unstable_if action=reinterpret pc=0x000001ec4b7b8fd4 method=java.util.jar.JarFile.getVersionedEntry(Ljava/lang/String;Ljava/util/jar/JarEntry;)Ljava/util/jar/JarEntry; @ 67 c2
Event: 4.397 Thread 0x000001ec3b4b2000 DEOPT PACKING pc=0x000001ec4b7b8fd4 sp=0x0000002ef77fd830
Event: 4.397 Thread 0x000001ec3b4b2000 DEOPT UNPACKING pc=0x000001ec43c7912f sp=0x0000002ef77fd7a8 mode 2
Event: 4.409 Thread 0x000001ec3b4b2000 Uncommon trap: trap_request=0xffffff45 fr.pc=0x000001ec4b82cccc relative=0x0000000000000c4c
Event: 4.409 Thread 0x000001ec3b4b2000 Uncommon trap: reason=unstable_if action=reinterpret pc=0x000001ec4b82cccc method=org.jacoco.agent.rt.internal_43f5073.asm.ClassReader.readElementValue(Lorg/jacoco/agent/rt/internal_43f5073/asm/AnnotationVisitor;ILjava/lang/String;[C)I @ 4 c2
Event: 4.409 Thread 0x000001ec3b4b2000 DEOPT PACKING pc=0x000001ec4b82cccc sp=0x0000002ef77f7c10
Event: 4.409 Thread 0x000001ec3b4b2000 DEOPT UNPACKING pc=0x000001ec43c7912f sp=0x0000002ef77f7b80 mode 2
Event: 4.409 Thread 0x000001ec3b4b2000 Uncommon trap: trap_request=0xffffff45 fr.pc=0x000001ec4b7c33c0 relative=0x0000000000000100
Event: 4.409 Thread 0x000001ec3b4b2000 Uncommon trap: reason=unstable_if action=reinterpret pc=0x000001ec4b7c33c0 method=org.jacoco.agent.rt.internal_43f5073.asm.MethodVisitor.visitLdcInsn(Ljava/lang/Object;)V @ 75 c2
Event: 4.409 Thread 0x000001ec3b4b2000 DEOPT PACKING pc=0x000001ec4b7c33c0 sp=0x0000002ef77f78b0
Event: 4.409 Thread 0x000001ec3b4b2000 DEOPT UNPACKING pc=0x000001ec43c7912f sp=0x0000002ef77f7840 mode 2
Event: 4.516 Thread 0x000001ec3b4b2000 DEOPT PACKING pc=0x000001ec445c3ed3 sp=0x0000002ef77fc190
Event: 4.516 Thread 0x000001ec3b4b2000 DEOPT UNPACKING pc=0x000001ec43c7964e sp=0x0000002ef77fb600 mode 0
Event: 4.542 Thread 0x000001ec3b4b2000 Uncommon trap: trap_request=0xffffff45 fr.pc=0x000001ec4b7243cc relative=0x000000000000110c
Event: 4.542 Thread 0x000001ec3b4b2000 Uncommon trap: reason=unstable_if action=reinterpret pc=0x000001ec4b7243cc method=java.io.BufferedReader.readLine(Z)Ljava/lang/String; @ 66 c2
Event: 4.542 Thread 0x000001ec3b4b2000 DEOPT PACKING pc=0x000001ec4b7243cc sp=0x0000002ef77fee90
Event: 4.542 Thread 0x000001ec3b4b2000 DEOPT UNPACKING pc=0x000001ec43c7912f sp=0x0000002ef77fee48 mode 2

Classes unloaded (0 events):
No events

Classes redefined (0 events):
No events

Internal exceptions (19 events):
Event: 1.007 Thread 0x000001ec3b4b2000 Implicit null exception at 0x000001ec4b72da29 to 0x000001ec4b72db7c
Event: 1.209 Thread 0x000001ec3b4b2000 Exception <a 'java/lang/NoSuchMethodError'{0x000000071092f928}: 'void java.lang.invoke.DirectMethodHandle$Holder.invokeStatic(java.lang.Object, java.lang.Object, java.lang.Object, java.lang.Object)'> (0x000000071092f928) 
thrown [./open/src/hotspot/share/interpreter/linkResolver.cpp, line 766]
Event: 1.304 Thread 0x000001ec3b4b2000 Exception <a 'java/lang/NoSuchMethodError'{0x000000070fa16e98}: 'int java.lang.invoke.DirectMethodHandle$Holder.invokeSpecialIFC(java.lang.Object, java.lang.Object, int)'> (0x000000070fa16e98) 
thrown [./open/src/hotspot/share/interpreter/linkResolver.cpp, line 766]
Event: 1.437 Thread 0x000001ec3b4b2000 Exception <a 'java/lang/NoSuchMethodError'{0x000000070f8034c0}: 'java.lang.Object java.lang.invoke.Invokers$Holder.invoke_MT(java.lang.Object, java.lang.Object, java.lang.Object, java.lang.Object, java.lang.Object)'> (0x000000070f8034c0) 
thrown [./open/src/hotspot/share/interpreter/linkResolver.cpp, line 766]
Event: 1.648 Thread 0x000001ec3b4b2000 Exception <a 'java/lang/NoSuchMethodError'{0x000000070ee8e890}: 'void java.lang.invoke.DelegatingMethodHandle$Holder.delegate(java.lang.Object, java.lang.Object, int, java.lang.Object)'> (0x000000070ee8e890) 
thrown [./open/src/hotspot/share/interpreter/linkResolver.cpp, line 766]
Event: 1.649 Thread 0x000001ec3b4b2000 Exception <a 'java/lang/NoSuchMethodError'{0x000000070ee95468}: 'java.lang.Object java.lang.invoke.DirectMethodHandle$Holder.invokeStaticInit(java.lang.Object, java.lang.Object, java.lang.Object)'> (0x000000070ee95468) 
thrown [./open/src/hotspot/share/interpreter/linkResolver.cpp, line 766]
Event: 1.713 Thread 0x000001ec3b4b2000 Exception <a 'sun/nio/fs/WindowsException'{0x000000070ec54298}> (0x000000070ec54298) 
thrown [./open/src/hotspot/share/prims/jni.cpp, line 599]
Event: 1.713 Thread 0x000001ec3b4b2000 Exception <a 'sun/nio/fs/WindowsException'{0x000000070ec558e0}> (0x000000070ec558e0) 
thrown [./open/src/hotspot/share/prims/jni.cpp, line 599]
Event: 1.726 Thread 0x000001ec3b4b2000 Exception <a 'java/lang/NoSuchMethodError'{0x000000070ecb5b38}: 'java.lang.Object java.lang.invoke.DirectMethodHandle$Holder.invokeStaticInit(java.lang.Object, java.lang.Object, java.lang.Object, java.lang.Object)'> (0x000000070ecb5b38) 
thrown [./open/src/hotspot/share/interpreter/linkResolver.cpp, line 766]
Event: 1.822 Thread 0x000001ec3b4b2000 Exception <a 'sun/nio/fs/WindowsException'{0x000000070e813408}> (0x000000070e813408) 
thrown [./open/src/hotspot/share/prims/jni.cpp, line 599]
Event: 1.822 Thread 0x000001ec3b4b2000 Exception <a 'sun/nio/fs/WindowsException'{0x000000070e8137c0}> (0x000000070e8137c0) 
thrown [./open/src/hotspot/share/prims/jni.cpp, line 599]
Event: 1.963 Thread 0x000001ec3b4b2000 Exception <a 'sun/nio/fs/WindowsException'{0x000000070e3b7278}> (0x000000070e3b7278) 
thrown [./open/src/hotspot/share/prims/jni.cpp, line 599]
Event: 1.963 Thread 0x000001ec3b4b2000 Exception <a 'sun/nio/fs/WindowsException'{0x000000070e3b7600}> (0x000000070e3b7600) 
thrown [./open/src/hotspot/share/prims/jni.cpp, line 599]
Event: 3.132 Thread 0x000001ec3b4b2000 Exception <a 'sun/nio/fs/WindowsException'{0x000000070df68b08}> (0x000000070df68b08) 
thrown [./open/src/hotspot/share/prims/jni.cpp, line 599]
Event: 3.132 Thread 0x000001ec3b4b2000 Exception <a 'sun/nio/fs/WindowsException'{0x000000070df68ec8}> (0x000000070df68ec8) 
thrown [./open/src/hotspot/share/prims/jni.cpp, line 599]
Event: 3.140 Thread 0x000001ec3b4b2000 Exception <a 'sun/nio/fs/WindowsException'{0x000000070dec0248}> (0x000000070dec0248) 
thrown [./open/src/hotspot/share/prims/jni.cpp, line 599]
Event: 3.140 Thread 0x000001ec3b4b2000 Exception <a 'sun/nio/fs/WindowsException'{0x000000070dec0548}> (0x000000070dec0548) 
thrown [./open/src/hotspot/share/prims/jni.cpp, line 599]
Event: 4.409 Thread 0x000001ec3b4b2000 Implicit null exception at 0x000001ec4b82c0cc to 0x000001ec4b82ccb0
Event: 4.520 Thread 0x000001ec3b4b2000 Exception <a 'java/lang/NoSuchMethodError'{0x0000000710ad7ba0}: 'void java.lang.invoke.DirectMethodHandle$Holder.invokeStatic(java.lang.Object, long, int, int)'> (0x0000000710ad7ba0) 
thrown [./open/src/hotspot/share/interpreter/linkResolver.cpp, line 766]

Events (20 events):
Event: 3.118 Executing VM operation: HandshakeOneThread done
Event: 3.120 Thread 0x000001ec5fd4f000 Thread added: 0x000001ec5fd4f000
Event: 3.135 Loaded shared library C:\Users\DasNasu\AppData\Local\Temp\lwjglDasNasu\3.2.3-build-13\lwjgl_opengl.dll
Event: 3.647 Thread 0x000001ec5fd4f000 Thread exited: 0x000001ec5fd4f000
Event: 3.741 Loaded shared library C:\Users\DasNasu\AppData\Local\Temp\lwjglDasNasu\3.2.3-build-13\lwjgl.dll
Event: 3.776 Loaded shared library C:\Users\DasNasu\AppData\Local\Temp\lwjglDasNasu\3.2.3-build-13\lwjgl.dll
Event: 3.851 Loaded shared library C:\Users\DasNasu\AppData\Local\Temp\lwjglDasNasu\3.2.3-build-13\lwjgl.dll
Event: 3.877 Thread 0x000001ec5fd4f000 Thread added: 0x000001ec5fd4f000
Event: 4.397 loading class jdk/internal/reflect/UnsafeQualifiedLongFieldAccessorImpl
Event: 4.397 loading class jdk/internal/reflect/UnsafeQualifiedFieldAccessorImpl
Event: 4.397 loading class jdk/internal/reflect/UnsafeQualifiedFieldAccessorImpl done
Event: 4.397 loading class jdk/internal/reflect/UnsafeQualifiedLongFieldAccessorImpl done
Event: 4.464 Executing VM operation: G1CollectForAllocation
Event: 4.467 Executing VM operation: G1CollectForAllocation done
Event: 4.541 loading class sun/net/ProgressMonitor
Event: 4.542 loading class sun/net/ProgressMonitor done
Event: 4.542 loading class sun/net/DefaultProgressMeteringPolicy
Event: 4.542 loading class sun/net/ProgressMeteringPolicy
Event: 4.542 loading class sun/net/ProgressMeteringPolicy done
Event: 4.542 loading class sun/net/DefaultProgressMeteringPolicy done


Dynamic libraries:
0x00007ff70abd0000 - 0x00007ff70abdf000 	C:\Program Files\Java\jdk-14.0.1\bin\javaw.exe
0x00007ffd48390000 - 0x00007ffd48571000 	C:\WINDOWS\SYSTEM32\ntdll.dll
0x00007ffd0f4f0000 - 0x00007ffd0f503000 	C:\Program Files\AVAST Software\Avast\aswhook.dll
0x00007ffd46470000 - 0x00007ffd46521000 	C:\WINDOWS\System32\KERNEL32.DLL
0x00007ffd45590000 - 0x00007ffd45803000 	C:\WINDOWS\System32\KERNELBASE.dll
0x00007ffd44910000 - 0x00007ffd44a08000 	C:\WINDOWS\System32\ucrtbase.dll
0x00007ffd32f10000 - 0x00007ffd32f28000 	C:\Program Files\Java\jdk-14.0.1\bin\jli.dll
0x00007ffd47db0000 - 0x00007ffd47e51000 	C:\WINDOWS\System32\ADVAPI32.dll
0x00007ffd46610000 - 0x00007ffd466ae000 	C:\WINDOWS\System32\msvcrt.dll
0x00007ffd47d50000 - 0x00007ffd47dab000 	C:\WINDOWS\System32\sechost.dll
0x00007ffd481d0000 - 0x00007ffd482f4000 	C:\WINDOWS\System32\RPCRT4.dll
0x00007ffd47f00000 - 0x00007ffd48090000 	C:\WINDOWS\System32\USER32.dll
0x00007ffd448f0000 - 0x00007ffd44910000 	C:\WINDOWS\System32\win32u.dll
0x00007ffd46110000 - 0x00007ffd46138000 	C:\WINDOWS\System32\GDI32.dll
0x00007ffd44750000 - 0x00007ffd448e1000 	C:\WINDOWS\System32\gdi32full.dll
0x00007ffd45440000 - 0x00007ffd454df000 	C:\WINDOWS\System32\msvcp_win.dll
0x00007ffd32ef0000 - 0x00007ffd32f05000 	C:\Program Files\Java\jdk-14.0.1\bin\VCRUNTIME140.dll
0x00007ffd36140000 - 0x00007ffd363a9000 	C:\WINDOWS\WinSxS\amd64_microsoft.windows.common-controls_6595b64144ccf1df_6.0.17134.1246_none_d3ffb9d77c90723d\COMCTL32.dll
0x00007ffd46140000 - 0x00007ffd46461000 	C:\WINDOWS\System32\combase.dll
0x00007ffd44a10000 - 0x00007ffd44a89000 	C:\WINDOWS\System32\bcryptPrimitives.dll
0x00007ffd3f020000 - 0x00007ffd3f02a000 	C:\WINDOWS\SYSTEM32\VERSION.dll
0x00007ffd47e60000 - 0x00007ffd47e8d000 	C:\WINDOWS\System32\IMM32.DLL
0x00007ffd0d920000 - 0x00007ffd0d9bb000 	C:\Program Files\Java\jdk-14.0.1\bin\msvcp140.dll
0x00007ffcd6810000 - 0x00007ffcd732e000 	C:\Program Files\Java\jdk-14.0.1\bin\server\jvm.dll
0x00007ffd45970000 - 0x00007ffd45978000 	C:\WINDOWS\System32\PSAPI.DLL
0x00007ffd33cd0000 - 0x00007ffd33cd9000 	C:\WINDOWS\SYSTEM32\WSOCK32.dll
0x00007ffd48160000 - 0x00007ffd481cc000 	C:\WINDOWS\System32\WS2_32.dll
0x00007ffd3d220000 - 0x00007ffd3d243000 	C:\WINDOWS\SYSTEM32\WINMM.dll
0x00007ffd3d1f0000 - 0x00007ffd3d21a000 	C:\WINDOWS\SYSTEM32\WINMMBASE.dll
0x00007ffd45540000 - 0x00007ffd45589000 	C:\WINDOWS\System32\cfgmgr32.dll
0x00007ffd446e0000 - 0x00007ffd446f1000 	C:\WINDOWS\System32\kernel.appcore.dll
0x00007ffd42950000 - 0x00007ffd4295a000 	C:\Program Files\Java\jdk-14.0.1\bin\jimage.dll
0x00007ffd3e340000 - 0x00007ffd3e509000 	C:\WINDOWS\SYSTEM32\DBGHELP.DLL
0x00007ffd3de80000 - 0x00007ffd3dea9000 	C:\WINDOWS\SYSTEM32\dbgcore.DLL
0x00007ffd35d00000 - 0x00007ffd35d0e000 	C:\Program Files\Java\jdk-14.0.1\bin\instrument.dll
0x00007ffd32ec0000 - 0x00007ffd32ee5000 	C:\Program Files\Java\jdk-14.0.1\bin\java.dll
0x00007ffd30800000 - 0x00007ffd30816000 	C:\Program Files\Java\jdk-14.0.1\bin\zip.dll
0x00007ffd46900000 - 0x00007ffd47d45000 	C:\WINDOWS\System32\SHELL32.dll
0x00007ffd45ec0000 - 0x00007ffd45f69000 	C:\WINDOWS\System32\shcore.dll
0x00007ffd44b40000 - 0x00007ffd45250000 	C:\WINDOWS\System32\windows.storage.dll
0x00007ffd47ea0000 - 0x00007ffd47ef1000 	C:\WINDOWS\System32\shlwapi.dll
0x00007ffd44710000 - 0x00007ffd4472f000 	C:\WINDOWS\System32\profapi.dll
0x00007ffd44690000 - 0x00007ffd446dc000 	C:\WINDOWS\System32\powrprof.dll
0x00007ffd44700000 - 0x00007ffd4470a000 	C:\WINDOWS\System32\FLTLIB.DLL
0x00007ffd301a0000 - 0x00007ffd301b9000 	C:\Program Files\Java\jdk-14.0.1\bin\net.dll
0x00007ffd40090000 - 0x00007ffd4016d000 	C:\WINDOWS\SYSTEM32\WINHTTP.dll
0x00007ffd43f10000 - 0x00007ffd43f76000 	C:\WINDOWS\system32\mswsock.dll
0x00007ffd2f000000 - 0x00007ffd2f012000 	C:\Program Files\Java\jdk-14.0.1\bin\nio.dll
0x00007ffd355d0000 - 0x00007ffd355e0000 	C:\Program Files\Java\jdk-14.0.1\bin\verify.dll
0x00007ffd2e570000 - 0x00007ffd2e586000 	C:\WINDOWS\system32\napinsp.dll
0x00007ffd2e590000 - 0x00007ffd2e5aa000 	C:\WINDOWS\system32\pnrpnsp.dll
0x00007ffd42760000 - 0x00007ffd42779000 	C:\WINDOWS\system32\NLAapi.dll
0x00007ffd43ca0000 - 0x00007ffd43d5e000 	C:\WINDOWS\SYSTEM32\DNSAPI.dll
0x00007ffd47e90000 - 0x00007ffd47e98000 	C:\WINDOWS\System32\NSI.dll
0x00007ffd43c60000 - 0x00007ffd43c98000 	C:\WINDOWS\SYSTEM32\IPHLPAPI.DLL
0x00007ffd30ef0000 - 0x00007ffd30efe000 	C:\WINDOWS\System32\winrnr.dll
0x00007ffd3d3d0000 - 0x00007ffd3d3da000 	C:\Windows\System32\rasadhlp.dll
0x00007ffd3eb80000 - 0x00007ffd3ebf2000 	C:\WINDOWS\System32\fwpuclnt.dll
0x00007ffd441f0000 - 0x00007ffd44215000 	C:\WINDOWS\SYSTEM32\bcrypt.dll
0x00007ffd3f240000 - 0x00007ffd3f256000 	C:\WINDOWS\SYSTEM32\dhcpcsvc6.DLL
0x00007ffd3f210000 - 0x00007ffd3f22a000 	C:\WINDOWS\SYSTEM32\dhcpcsvc.DLL
0x00007ffd0d8b0000 - 0x00007ffd0d914000 	C:\Users\DasNasu\AppData\Local\Temp\lwjglDasNasu\3.2.3-build-13\lwjgl.dll
0x00007ffd03230000 - 0x00007ffd03483000 	C:\Users\DasNasu\AppData\Local\Temp\lwjglDasNasu\3.2.3-build-13\jemalloc.dll
0x00007ffd0d840000 - 0x00007ffd0d8a2000 	C:\Users\DasNasu\AppData\Local\Temp\lwjglDasNasu\3.2.3-build-13\glfw.dll
0x00007ffd42b50000 - 0x00007ffd42be8000 	C:\WINDOWS\system32\uxtheme.dll
0x00007ffd1fcc0000 - 0x00007ffd1fd03000 	C:\WINDOWS\SYSTEM32\dinput8.dll
0x00007ffd34600000 - 0x00007ffd34610000 	C:\WINDOWS\SYSTEM32\xinput1_4.dll
0x00007ffd444a0000 - 0x00007ffd444c7000 	C:\WINDOWS\SYSTEM32\DEVOBJ.dll
0x00007ffd42de0000 - 0x00007ffd42e09000 	C:\WINDOWS\SYSTEM32\dwmapi.dll
0x00007ffd3c3a0000 - 0x00007ffd3c419000 	C:\WINDOWS\SYSTEM32\inputhost.dll
0x00007ffd42210000 - 0x00007ffd422ea000 	C:\WINDOWS\SYSTEM32\CoreMessaging.dll
0x00007ffd3fb40000 - 0x00007ffd3fc8d000 	C:\WINDOWS\SYSTEM32\wintypes.dll
0x00007ffd3bdc0000 - 0x00007ffd3c0de000 	C:\WINDOWS\SYSTEM32\CoreUIComponents.dll
0x00007ffd43720000 - 0x00007ffd43751000 	C:\WINDOWS\SYSTEM32\ntmarta.dll
0x00007ffd466e0000 - 0x00007ffd46854000 	C:\WINDOWS\System32\MSCTF.dll
0x00007ffd48090000 - 0x00007ffd48152000 	C:\WINDOWS\System32\OLEAUT32.dll
0x00007ffd437f0000 - 0x00007ffd437fc000 	C:\WINDOWS\SYSTEM32\HID.DLL
0x00007ffd45a70000 - 0x00007ffd45ebb000 	C:\WINDOWS\System32\SETUPAPI.DLL
0x00007ffd454e0000 - 0x00007ffd45537000 	C:\WINDOWS\System32\WINTRUST.dll
0x00007ffd44730000 - 0x00007ffd44742000 	C:\WINDOWS\System32\MSASN1.dll
0x00007ffd45250000 - 0x00007ffd45432000 	C:\WINDOWS\System32\CRYPT32.dll
0x00007ffd29180000 - 0x00007ffd292a0000 	C:\WINDOWS\SYSTEM32\opengl32.dll
0x00007ffd29150000 - 0x00007ffd2917c000 	C:\WINDOWS\SYSTEM32\GLU32.dll
0x00007ffcd40e0000 - 0x00007ffcd6804000 	C:\WINDOWS\System32\DriverStore\FileRepository\nv_dispi.inf_amd64_55e7fb10ab85a7c2\nvoglv64.dll
0x00007ffd45810000 - 0x00007ffd45961000 	C:\WINDOWS\System32\ole32.dll
0x00007ffd3fe40000 - 0x00007ffd3fe53000 	C:\WINDOWS\SYSTEM32\WTSAPI32.dll
0x00007ffd0b170000 - 0x00007ffd0b427000 	C:\WINDOWS\system32\nvspcap64.dll
0x00007ffd43790000 - 0x00007ffd437e6000 	C:\WINDOWS\SYSTEM32\WINSTA.dll
0x00007ffd3c0e0000 - 0x00007ffd3c176000 	C:\WINDOWS\System32\TextInputFramework.dll
0x00007ffd0f510000 - 0x00007ffd0f569000 	C:\Users\DasNasu\AppData\Local\Temp\lwjglDasNasu\3.2.3-build-13\lwjgl_opengl.dll

dbghelp: loaded successfully - version: 4.0.5 - missing functions: none
symbol engine: initialized successfully - sym options: 0x614 - pdb path: .;C:\Program Files\Java\jdk-14.0.1\bin;C:\WINDOWS\SYSTEM32;C:\Program Files\AVAST Software\Avast;C:\WINDOWS\WinSxS\amd64_microsoft.windows.common-controls_6595b64144ccf1df_6.0.17134.1246_none_d3ffb9d77c90723d;C:\Program Files\Java\jdk-14.0.1\bin\server;C:\Users\DasNasu\AppData\Local\Temp\lwjglDasNasu\3.2.3-build-13;C:\WINDOWS\System32\DriverStore\FileRepository\nv_dispi.inf_amd64_55e7fb10ab85a7c2

VM Arguments:
jvm_args: -javaagent:C:\Users\DasNasu\java-2020-03\eclipse\configuration\org.eclipse.osgi\452\0\.cp\jacocoagent.jar=includes=*,excludes=,exclclassloader=sun.reflect.DelegatingClassLoader,output=tcpclient,port=56832 -Dfile.encoding=UTF-8 
java_command: dev.bitbite.illustratio.Illustratio
java_class_path (initial): X:\Projects\Projects\Java\TowerDefenseEvolutions\Illustratio\bin;X:\Projects\Projects\Java\lwjgl3\lwjgl\lwjgl.jar;X:\Projects\Projects\Java\lwjgl3\lwjgl\lwjgl-natives-linux.jar;X:\Projects\Projects\Java\lwjgl3\lwjgl\lwjgl-natives-linux-arm32.jar;X:\Projects\Projects\Java\lwjgl3\lwjgl\lwjgl-natives-linux-arm64.jar;X:\Projects\Projects\Java\lwjgl3\lwjgl\lwjgl-natives-macos.jar;X:\Projects\Projects\Java\lwjgl3\lwjgl\lwjgl-natives-windows.jar;X:\Projects\Projects\Java\lwjgl3\lwjgl\lwjgl-natives-windows-x86.jar;X:\Projects\Projects\Java\lwjgl3\lwjgl-assimp\lwjgl-assimp.jar;X:\Projects\Projects\Java\lwjgl3\lwjgl-assimp\lwjgl-assimp-natives-linux.jar;X:\Projects\Projects\Java\lwjgl3\lwjgl-assimp\lwjgl-assimp-natives-linux-arm32.jar;X:\Projects\Projects\Java\lwjgl3\lwjgl-assimp\lwjgl-assimp-natives-linux-arm64.jar;X:\Projects\Projects\Java\lwjgl3\lwjgl-assimp\lwjgl-assimp-natives-macos.jar;X:\Projects\Projects\Java\lwjgl3\lwjgl-assimp\lwjgl-assimp-natives-windows.jar;X:\Projects\Projects\Java\lwjgl3\lwjgl-assimp\lwjgl-assimp-natives-windows-x86.jar;X:\Projects\Projects\Java\lwjgl3\lwjgl-bgfx\lwjgl-bgfx.jar;X:\Projects\Projects\Java\lwjgl3\lwjgl-bgfx\lwjgl-bgfx-natives-linux.jar;X:\Projects\Projects\Java\lwjgl3\lwjgl-bgfx\lwjgl-bgfx-natives-linux-arm32.jar;X:\Projects\Projects\Java\lwjgl3\lwjgl-bgfx\lwjgl-bgfx-natives-linux-arm64.jar;X:\Projects\Projects\Java\lwjgl3\lwjgl-bgfx\lwjgl-bgfx-natives-macos.jar;X:\Projects\Projects\Java\lwjgl3\lwjgl-bgfx\lwjgl-bgfx-natives-windows.jar;X:\Projects\Projects\Java\lwjgl3\lwjgl-bgfx\lwjgl-bgfx-natives-windows-x86.jar;X:\Projects\Projects\Java\lwjgl3\lwjgl-cuda\lwjgl-cuda.jar;X:\Projects\Projects\Java\lwjgl3\lwjgl-egl\lwjgl-egl.jar;X:\Projects\Projects\Java\lwjgl3\lwjgl-glfw\lwjgl-glfw.jar;X:\Projects\Projects\Java\lwjgl3\lwjgl-glfw\lwjgl-glfw-natives-linux.jar;X:\Projects\Projects\Java\lwjgl3\lwjgl-glfw\lwjgl-glfw-natives-linux-arm32.jar;X:\Projects\Projects\Java\lwjgl3\lwjgl-glfw\lwjgl-glfw-natives-linux-a
Launcher Type: SUN_STANDARD

[Global flags]
     intx CICompilerCount                          = 3                                         {product} {ergonomic}
     uint ConcGCThreads                            = 1                                         {product} {ergonomic}
     uint G1ConcRefinementThreads                  = 4                                         {product} {ergonomic}
   size_t G1HeapRegionSize                         = 1048576                                   {product} {ergonomic}
    uintx GCDrainStackTargetSize                   = 64                                        {product} {ergonomic}
   size_t InitialHeapSize                          = 268435456                                 {product} {ergonomic}
   size_t MarkStackSize                            = 4194304                                   {product} {ergonomic}
   size_t MaxHeapSize                              = 4278190080                                {product} {ergonomic}
   size_t MaxNewSize                               = 2566914048                                {product} {ergonomic}
   size_t MinHeapDeltaBytes                        = 1048576                                   {product} {ergonomic}
   size_t MinHeapSize                              = 8388608                                   {product} {ergonomic}
    uintx NonNMethodCodeHeapSize                   = 5832780                                {pd product} {ergonomic}
    uintx NonProfiledCodeHeapSize                  = 122912730                              {pd product} {ergonomic}
    uintx ProfiledCodeHeapSize                     = 122912730                              {pd product} {ergonomic}
    uintx ReservedCodeCacheSize                    = 251658240                              {pd product} {ergonomic}
     bool SegmentedCodeCache                       = true                                      {product} {ergonomic}
   size_t SoftMaxHeapSize                          = 4278190080                             {manageable} {ergonomic}
     bool UseCompressedClassPointers               = true                                 {lp64_product} {ergonomic}
     bool UseCompressedOops                        = true                                 {lp64_product} {ergonomic}
     bool UseG1GC                                  = true                                      {product} {ergonomic}
     bool UseLargePagesIndividualAllocation        = false                                  {pd product} {ergonomic}

Logging:
Log output configuration:
 #0: stdout all=warning uptime,level,tags
 #1: stderr all=off uptime,level,tags

Environment Variables:
PATH=C:/Program Files/Java/jre1.8.0_251/bin/server;C:/Program Files/Java/jre1.8.0_251/bin;C:/Program Files/Java/jre1.8.0_251/lib/amd64;C:\Program Files (x86)\Common Files\Oracle\Java\javapath;C:\Program Files\Python36\Scripts\;C:\Program Files\Python36\;C:\Windows\system32;C:\Windows;C:\Windows\System32\Wbem;C:\Windows\System32\WindowsPowerShell\v1.0\;C:\WINDOWS\system32;C:\WINDOWS;C:\WINDOWS\System32\Wbem;C:\WINDOWS\System32\WindowsPowerShell\v1.0\;C:\WINDOWS\System32\OpenSSH\;C:\Program Files\Microsoft SQL Server\110\Tools\Binn\;C:\Program Files\NVIDIA Corporation\NVIDIA NvDLISR;C:\Program Files\PuTTY\;C:\Program Files\dotnet\;C:\Program Files (x86)\NVIDIA Corporation\PhysX\Common;C:\Program Files\Microsoft SQL Server\130\Tools\Binn\;C:\Program Files\Microsoft SQL Server\Client SDK\ODBC\170\Tools\Binn\;C:\Users\DasNasu\AppData\Local\GitHubDesktop\bin;C:\Users\DasNasu\AppData\Local\Microsoft\WindowsApps;C:\WINDOWS\system32;
USERNAME=DasNasu
OS=Windows_NT
PROCESSOR_IDENTIFIER=Intel64 Family 6 Model 60 Stepping 3, GenuineIntel



---------------  S Y S T E M  ---------------

OS: Windows 10 , 64 bit Build 17134 (10.0.17134.753)
OS uptime: 0 days 6:41 hours

CPU:total 4 (initial active 4) (4 cores per cpu, 1 threads per core) family 6 model 60 stepping 3, cmov, cx8, fxsr, mmx, sse, sse2, sse3, ssse3, sse4.1, sse4.2, popcnt, avx, avx2, aes, clmul, erms, lzcnt, tsc, tscinvbit, bmi1, bmi2, fma

Memory: 4k page, system-wide physical 16314M (5971M free)
TotalPageFile size 16314M (AvailPageFile size 3519M)
current process WorkingSet (physical memory assigned to process): 279M, peak: 288M
current process commit charge ("private bytes"): 446M, peak: 456M

vm_info: Java HotSpot(TM) 64-Bit Server VM (14.0.1+7) for windows-amd64 JRE (14.0.1+7), built on Mar  5 2020 10:30:14 by "mach5one" with MS VC++ 15.9 (VS2017)

END.
